[ 2016-06-18T15:43:54+08:00 ] 127.0.0.1 /mytkp/index.php/Home/Class/reg/userName/admin/userPass/123321
INFO: [ app_init ] --START--
INFO: Run Behavior\BuildLiteBehavior [ RunTime:0.000000s ]
INFO: [ app_init ] --END-- [ RunTime:0.003000s ]
INFO: [ app_begin ] --START--
INFO: Run Behavior\ReadHtmlCacheBehavior [ RunTime:0.001000s ]
INFO: [ app_begin ] --END-- [ RunTime:0.003000s ]
SQL: SHOW COLUMNS FROM `class` [ RunTime:0.0020s ]
SQL: SELECT * FROM `class`  [ RunTime:0.0000s ]
INFO: [ view_parse ] --START--
INFO: [ template_filter ] --START--
INFO: Run Behavior\ContentReplaceBehavior [ RunTime:0.001000s ]
INFO: [ template_filter ] --END-- [ RunTime:0.003000s ]
NOTIC: [8] Use of undefined constant bb - assumed 'bb' D:\php\webapp\mytkp\Application\Runtime\Cache\Home\cd99c5d87f26ee8fde42d779325e469a.php 第 11 行.
NOTIC: [8] Use of undefined constant name - assumed 'name' D:\php\webapp\mytkp\Application\Runtime\Cache\Home\cd99c5d87f26ee8fde42d779325e469a.php 第 12 行.
NOTIC: [8] Undefined variable: key D:\php\webapp\mytkp\Application\Runtime\Cache\Home\cd99c5d87f26ee8fde42d779325e469a.php 第 38 行.
INFO: Run Behavior\ParseTemplateBehavior [ RunTime:0.200011s ]
INFO: [ view_parse ] --END-- [ RunTime:0.202011s ]
INFO: [ view_filter ] --START--
INFO: Run Behavior\WriteHtmlCacheBehavior [ RunTime:0.001000s ]
INFO: [ view_filter ] --END-- [ RunTime:0.004000s ]
INFO: [ app_end ] --START--
INFO: Run Behavior\ShowPageTraceBehavior [ RunTime:0.001000s ]
INFO: [ app_end ] --END-- [ RunTime:0.003000s ]

[ 2016-06-18T15:44:46+08:00 ] 127.0.0.1 /mytkp/index.php/Home/Class/reg/userName/admin/userPass/123321
INFO: [ app_init ] --START--
INFO: Run Behavior\BuildLiteBehavior [ RunTime:0.000000s ]
INFO: [ app_init ] --END-- [ RunTime:0.003000s ]
INFO: [ app_begin ] --START--
INFO: Run Behavior\ReadHtmlCacheBehavior [ RunTime:0.002000s ]
INFO: [ app_begin ] --END-- [ RunTime:0.003000s ]
SQL: SHOW COLUMNS FROM `class` [ RunTime:0.0020s ]
SQL: SELECT * FROM `class`  [ RunTime:0.0010s ]
INFO: [ view_parse ] --START--
INFO: [ template_filter ] --START--
INFO: Run Behavior\ContentReplaceBehavior [ RunTime:0.001000s ]
INFO: [ template_filter ] --END-- [ RunTime:0.003000s ]
NOTIC: [8] Use of undefined constant bb - assumed 'bb' D:\php\webapp\mytkp\Application\Runtime\Cache\Home\cd99c5d87f26ee8fde42d779325e469a.php 第 11 行.
NOTIC: [8] Use of undefined constant name - assumed 'name' D:\php\webapp\mytkp\Application\Runtime\Cache\Home\cd99c5d87f26ee8fde42d779325e469a.php 第 12 行.
NOTIC: [8] Undefined variable: key D:\php\webapp\mytkp\Application\Runtime\Cache\Home\cd99c5d87f26ee8fde42d779325e469a.php 第 38 行.
NOTIC: [8] Undefined offset: 3 D:\php\webapp\mytkp\Application\Runtime\Cache\Home\cd99c5d87f26ee8fde42d779325e469a.php 第 110 行.
NOTIC: [8] Undefined offset: 3 D:\php\webapp\mytkp\Application\Runtime\Cache\Home\cd99c5d87f26ee8fde42d779325e469a.php 第 111 行.
NOTIC: [8] Undefined offset: 3 D:\php\webapp\mytkp\Application\Runtime\Cache\Home\cd99c5d87f26ee8fde42d779325e469a.php 第 112 行.
NOTIC: [8] Undefined offset: 3 D:\php\webapp\mytkp\Application\Runtime\Cache\Home\cd99c5d87f26ee8fde42d779325e469a.php 第 113 行.
NOTIC: [8] Undefined offset: 3 D:\php\webapp\mytkp\Application\Runtime\Cache\Home\cd99c5d87f26ee8fde42d779325e469a.php 第 114 行.
NOTIC: [8] Undefined offset: 3 D:\php\webapp\mytkp\Application\Runtime\Cache\Home\cd99c5d87f26ee8fde42d779325e469a.php 第 115 行.
NOTIC: [8] Undefined offset: 3 D:\php\webapp\mytkp\Application\Runtime\Cache\Home\cd99c5d87f26ee8fde42d779325e469a.php 第 116 行.
NOTIC: [8] Undefined offset: 3 D:\php\webapp\mytkp\Application\Runtime\Cache\Home\cd99c5d87f26ee8fde42d779325e469a.php 第 117 行.
NOTIC: [8] Undefined offset: 3 D:\php\webapp\mytkp\Application\Runtime\Cache\Home\cd99c5d87f26ee8fde42d779325e469a.php 第 118 行.
NOTIC: [8] Undefined offset: 3 D:\php\webapp\mytkp\Application\Runtime\Cache\Home\cd99c5d87f26ee8fde42d779325e469a.php 第 119 行.
NOTIC: [8] Undefined offset: 3 D:\php\webapp\mytkp\Application\Runtime\Cache\Home\cd99c5d87f26ee8fde42d779325e469a.php 第 120 行.
INFO: Run Behavior\ParseTemplateBehavior [ RunTime:0.206012s ]
INFO: [ view_parse ] --END-- [ RunTime:0.208012s ]
INFO: [ view_filter ] --START--
INFO: Run Behavior\WriteHtmlCacheBehavior [ RunTime:0.002000s ]
INFO: [ view_filter ] --END-- [ RunTime:0.003000s ]
INFO: [ app_end ] --START--
INFO: Run Behavior\ShowPageTraceBehavior [ RunTime:0.002000s ]
INFO: [ app_end ] --END-- [ RunTime:0.004000s ]

[ 2016-06-18T15:45:00+08:00 ] 127.0.0.1 /mytkp/index.php/Home/Class/reg/userName/admin/userPass/123321
INFO: [ app_init ] --START--
INFO: Run Behavior\BuildLiteBehavior [ RunTime:0.000000s ]
INFO: [ app_init ] --END-- [ RunTime:0.004001s ]
INFO: [ app_begin ] --START--
INFO: Run Behavior\ReadHtmlCacheBehavior [ RunTime:0.001000s ]
INFO: [ app_begin ] --END-- [ RunTime:0.003000s ]
SQL: SHOW COLUMNS FROM `class` [ RunTime:0.0020s ]
SQL: SELECT * FROM `class`  [ RunTime:0.0010s ]
INFO: [ view_parse ] --START--
INFO: [ template_filter ] --START--
INFO: Run Behavior\ContentReplaceBehavior [ RunTime:0.001000s ]
INFO: [ template_filter ] --END-- [ RunTime:0.003000s ]
NOTIC: [8] Use of undefined constant bb - assumed 'bb' D:\php\webapp\mytkp\Application\Runtime\Cache\Home\cd99c5d87f26ee8fde42d779325e469a.php 第 11 行.
NOTIC: [8] Use of undefined constant name - assumed 'name' D:\php\webapp\mytkp\Application\Runtime\Cache\Home\cd99c5d87f26ee8fde42d779325e469a.php 第 12 行.
NOTIC: [8] Undefined variable: key D:\php\webapp\mytkp\Application\Runtime\Cache\Home\cd99c5d87f26ee8fde42d779325e469a.php 第 38 行.
INFO: Run Behavior\ParseTemplateBehavior [ RunTime:0.198011s ]
INFO: [ view_parse ] --END-- [ RunTime:0.200011s ]
INFO: [ view_filter ] --START--
INFO: Run Behavior\WriteHtmlCacheBehavior [ RunTime:0.002000s ]
INFO: [ view_filter ] --END-- [ RunTime:0.004000s ]
INFO: [ app_end ] --START--
INFO: Run Behavior\ShowPageTraceBehavior [ RunTime:0.001000s ]
INFO: [ app_end ] --END-- [ RunTime:0.003000s ]

[ 2016-06-18T15:59:19+08:00 ] 127.0.0.1 /mytkp/index.php/Home/Class/reg/userName/admin/userPass/123321
INFO: [ app_init ] --START--
INFO: Run Behavior\BuildLiteBehavior [ RunTime:0.000000s ]
INFO: [ app_init ] --END-- [ RunTime:0.003000s ]
INFO: [ app_begin ] --START--
INFO: Run Behavior\ReadHtmlCacheBehavior [ RunTime:0.002000s ]
INFO: [ app_begin ] --END-- [ RunTime:0.004000s ]
SQL: SHOW COLUMNS FROM `class` [ RunTime:0.0020s ]
SQL: SELECT * FROM `class`  [ RunTime:0.0010s ]
INFO: [ view_parse ] --START--
INFO: [ template_filter ] --START--
INFO: Run Behavior\ContentReplaceBehavior [ RunTime:0.001000s ]
INFO: [ template_filter ] --END-- [ RunTime:0.003000s ]
NOTIC: [8] Use of undefined constant bb - assumed 'bb' D:\php\webapp\mytkp\Application\Runtime\Cache\Home\cd99c5d87f26ee8fde42d779325e469a.php 第 11 行.
NOTIC: [8] Use of undefined constant name - assumed 'name' D:\php\webapp\mytkp\Application\Runtime\Cache\Home\cd99c5d87f26ee8fde42d779325e469a.php 第 12 行.
NOTIC: [8] Undefined variable: key D:\php\webapp\mytkp\Application\Runtime\Cache\Home\cd99c5d87f26ee8fde42d779325e469a.php 第 38 行.
INFO: Run Behavior\ParseTemplateBehavior [ RunTime:0.199012s ]
INFO: [ view_parse ] --END-- [ RunTime:0.201012s ]
INFO: [ view_filter ] --START--
INFO: Run Behavior\WriteHtmlCacheBehavior [ RunTime:0.001000s ]
INFO: [ view_filter ] --END-- [ RunTime:0.003000s ]
INFO: [ app_end ] --START--
INFO: Run Behavior\ShowPageTraceBehavior [ RunTime:0.001000s ]
INFO: [ app_end ] --END-- [ RunTime:0.003000s ]

[ 2016-06-18T15:59:24+08:00 ] 127.0.0.1 /mytkp/index.php/Home/Class/reg/userName/admin/userPass/123321
INFO: [ app_init ] --START--
INFO: Run Behavior\BuildLiteBehavior [ RunTime:0.001000s ]
INFO: [ app_init ] --END-- [ RunTime:0.003000s ]
INFO: [ app_begin ] --START--
INFO: Run Behavior\ReadHtmlCacheBehavior [ RunTime:0.002000s ]
INFO: [ app_begin ] --END-- [ RunTime:0.003000s ]
SQL: SHOW COLUMNS FROM `class` [ RunTime:0.0020s ]
SQL: SELECT * FROM `class`  [ RunTime:0.0000s ]
INFO: [ view_parse ] --START--
INFO: [ template_filter ] --START--
INFO: Run Behavior\ContentReplaceBehavior [ RunTime:0.001000s ]
INFO: [ template_filter ] --END-- [ RunTime:0.003000s ]
NOTIC: [8] Use of undefined constant bb - assumed 'bb' D:\php\webapp\mytkp\Application\Runtime\Cache\Home\cd99c5d87f26ee8fde42d779325e469a.php 第 11 行.
NOTIC: [8] Use of undefined constant name - assumed 'name' D:\php\webapp\mytkp\Application\Runtime\Cache\Home\cd99c5d87f26ee8fde42d779325e469a.php 第 12 行.
NOTIC: [8] Undefined variable: key D:\php\webapp\mytkp\Application\Runtime\Cache\Home\cd99c5d87f26ee8fde42d779325e469a.php 第 38 行.
INFO: Run Behavior\ParseTemplateBehavior [ RunTime:0.203012s ]
INFO: [ view_parse ] --END-- [ RunTime:0.205012s ]
INFO: [ view_filter ] --START--
INFO: Run Behavior\WriteHtmlCacheBehavior [ RunTime:0.002000s ]
INFO: [ view_filter ] --END-- [ RunTime:0.004000s ]
INFO: [ app_end ] --START--
INFO: Run Behavior\ShowPageTraceBehavior [ RunTime:0.002000s ]
INFO: [ app_end ] --END-- [ RunTime:0.004000s ]

[ 2016-06-18T16:00:10+08:00 ] 127.0.0.1 /mytkp/index.php/Home/Class/reg/userName/admin/userPass/123321
INFO: [ app_init ] --START--
INFO: Run Behavior\BuildLiteBehavior [ RunTime:0.000000s ]
INFO: [ app_init ] --END-- [ RunTime:0.003000s ]
INFO: [ app_begin ] --START--
INFO: Run Behavior\ReadHtmlCacheBehavior [ RunTime:0.002000s ]
INFO: [ app_begin ] --END-- [ RunTime:0.003000s ]
SQL: SHOW COLUMNS FROM `class` [ RunTime:0.0020s ]
SQL: SELECT * FROM `class`  [ RunTime:0.0010s ]
INFO: [ view_parse ] --START--
INFO: [ template_filter ] --START--
INFO: Run Behavior\ContentReplaceBehavior [ RunTime:0.001000s ]
INFO: [ template_filter ] --END-- [ RunTime:0.003000s ]
NOTIC: [8] Use of undefined constant bb - assumed 'bb' D:\php\webapp\mytkp\Application\Runtime\Cache\Home\cd99c5d87f26ee8fde42d779325e469a.php 第 11 行.
NOTIC: [8] Use of undefined constant name - assumed 'name' D:\php\webapp\mytkp\Application\Runtime\Cache\Home\cd99c5d87f26ee8fde42d779325e469a.php 第 12 行.
NOTIC: [8] Undefined variable: key D:\php\webapp\mytkp\Application\Runtime\Cache\Home\cd99c5d87f26ee8fde42d779325e469a.php 第 38 行.
INFO: Run Behavior\ParseTemplateBehavior [ RunTime:0.199012s ]
INFO: [ view_parse ] --END-- [ RunTime:0.201012s ]
INFO: [ view_filter ] --START--
INFO: Run Behavior\WriteHtmlCacheBehavior [ RunTime:0.001000s ]
INFO: [ view_filter ] --END-- [ RunTime:0.003000s ]
INFO: [ app_end ] --START--
INFO: Run Behavior\ShowPageTraceBehavior [ RunTime:0.001000s ]
INFO: [ app_end ] --END-- [ RunTime:0.003000s ]

[ 2016-06-18T16:01:54+08:00 ] 127.0.0.1 /mytkp/index.php/Home/Class/reg/userName/admin/userPass/123321
INFO: [ app_init ] --START--
INFO: Run Behavior\BuildLiteBehavior [ RunTime:0.000000s ]
INFO: [ app_init ] --END-- [ RunTime:0.003000s ]
INFO: [ app_begin ] --START--
INFO: Run Behavior\ReadHtmlCacheBehavior [ RunTime:0.001000s ]
INFO: [ app_begin ] --END-- [ RunTime:0.003000s ]
SQL: SHOW COLUMNS FROM `class` [ RunTime:0.0020s ]
SQL: SELECT * FROM `class`  [ RunTime:0.0010s ]
INFO: [ view_parse ] --START--
INFO: [ template_filter ] --START--
INFO: Run Behavior\ContentReplaceBehavior [ RunTime:0.001000s ]
INFO: [ template_filter ] --END-- [ RunTime:0.003000s ]
NOTIC: [8] Use of undefined constant bb - assumed 'bb' D:\php\webapp\mytkp\Application\Runtime\Cache\Home\cd99c5d87f26ee8fde42d779325e469a.php 第 11 行.
NOTIC: [8] Use of undefined constant name - assumed 'name' D:\php\webapp\mytkp\Application\Runtime\Cache\Home\cd99c5d87f26ee8fde42d779325e469a.php 第 12 行.
NOTIC: [8] Undefined variable: key D:\php\webapp\mytkp\Application\Runtime\Cache\Home\cd99c5d87f26ee8fde42d779325e469a.php 第 38 行.
INFO: Run Behavior\ParseTemplateBehavior [ RunTime:0.200011s ]
INFO: [ view_parse ] --END-- [ RunTime:0.202011s ]
INFO: [ view_filter ] --START--
INFO: Run Behavior\WriteHtmlCacheBehavior [ RunTime:0.001001s ]
INFO: [ view_filter ] --END-- [ RunTime:0.004001s ]
INFO: [ app_end ] --START--
INFO: Run Behavior\ShowPageTraceBehavior [ RunTime:0.002000s ]
INFO: [ app_end ] --END-- [ RunTime:0.004000s ]

[ 2016-06-18T16:02:10+08:00 ] 127.0.0.1 /mytkp/index.php/Home/Class/reg/userName/admin/userPass/123321
INFO: [ app_init ] --START--
INFO: Run Behavior\BuildLiteBehavior [ RunTime:0.001000s ]
INFO: [ app_init ] --END-- [ RunTime:0.003000s ]
INFO: [ app_begin ] --START--
INFO: Run Behavior\ReadHtmlCacheBehavior [ RunTime:0.002000s ]
INFO: [ app_begin ] --END-- [ RunTime:0.004001s ]
SQL: SHOW COLUMNS FROM `class` [ RunTime:0.0020s ]
SQL: SELECT * FROM `class`  [ RunTime:0.0000s ]
INFO: [ view_parse ] --START--
INFO: [ template_filter ] --START--
INFO: Run Behavior\ContentReplaceBehavior [ RunTime:0.001000s ]
INFO: [ template_filter ] --END-- [ RunTime:0.003001s ]
NOTIC: [8] Use of undefined constant bb - assumed 'bb' D:\php\webapp\mytkp\Application\Runtime\Cache\Home\cd99c5d87f26ee8fde42d779325e469a.php 第 11 行.
NOTIC: [8] Use of undefined constant name - assumed 'name' D:\php\webapp\mytkp\Application\Runtime\Cache\Home\cd99c5d87f26ee8fde42d779325e469a.php 第 12 行.
NOTIC: [8] Undefined variable: key D:\php\webapp\mytkp\Application\Runtime\Cache\Home\cd99c5d87f26ee8fde42d779325e469a.php 第 38 行.
INFO: Run Behavior\ParseTemplateBehavior [ RunTime:0.198011s ]
INFO: [ view_parse ] --END-- [ RunTime:0.200011s ]
INFO: [ view_filter ] --START--
INFO: Run Behavior\WriteHtmlCacheBehavior [ RunTime:0.002000s ]
INFO: [ view_filter ] --END-- [ RunTime:0.004000s ]
INFO: [ app_end ] --START--
INFO: Run Behavior\ShowPageTraceBehavior [ RunTime:0.001001s ]
INFO: [ app_end ] --END-- [ RunTime:0.003001s ]

[ 2016-06-18T16:02:46+08:00 ] 127.0.0.1 /mytkp/index.php/Home/Class/reg/userName/admin/userPass/123321
INFO: [ app_init ] --START--
INFO: Run Behavior\BuildLiteBehavior [ RunTime:0.000000s ]
INFO: [ app_init ] --END-- [ RunTime:0.003000s ]
INFO: [ app_begin ] --START--
INFO: Run Behavior\ReadHtmlCacheBehavior [ RunTime:0.002000s ]
INFO: [ app_begin ] --END-- [ RunTime:0.004000s ]
SQL: SHOW COLUMNS FROM `class` [ RunTime:0.0020s ]
SQL: SELECT * FROM `class`  [ RunTime:0.0000s ]
INFO: [ view_parse ] --START--
INFO: [ template_filter ] --START--
INFO: Run Behavior\ContentReplaceBehavior [ RunTime:0.001000s ]
INFO: [ template_filter ] --END-- [ RunTime:0.003001s ]
NOTIC: [8] Use of undefined constant bb - assumed 'bb' D:\php\webapp\mytkp\Application\Runtime\Cache\Home\cd99c5d87f26ee8fde42d779325e469a.php 第 11 行.
NOTIC: [8] Use of undefined constant name - assumed 'name' D:\php\webapp\mytkp\Application\Runtime\Cache\Home\cd99c5d87f26ee8fde42d779325e469a.php 第 12 行.
NOTIC: [8] Undefined variable: key D:\php\webapp\mytkp\Application\Runtime\Cache\Home\cd99c5d87f26ee8fde42d779325e469a.php 第 38 行.
INFO: Run Behavior\ParseTemplateBehavior [ RunTime:0.200011s ]
INFO: [ view_parse ] --END-- [ RunTime:0.202012s ]
INFO: [ view_filter ] --START--
INFO: Run Behavior\WriteHtmlCacheBehavior [ RunTime:0.002000s ]
INFO: [ view_filter ] --END-- [ RunTime:0.004000s ]
INFO: [ app_end ] --START--
INFO: Run Behavior\ShowPageTraceBehavior [ RunTime:0.001000s ]
INFO: [ app_end ] --END-- [ RunTime:0.003001s ]

[ 2016-06-18T16:02:55+08:00 ] 127.0.0.1 /mytkp/index.php/Home/Class/reg/userName/admin/userPass/123321
INFO: [ app_init ] --START--
INFO: Run Behavior\BuildLiteBehavior [ RunTime:0.000000s ]
INFO: [ app_init ] --END-- [ RunTime:0.002001s ]
INFO: [ app_begin ] --START--
INFO: Run Behavior\ReadHtmlCacheBehavior [ RunTime:0.002000s ]
INFO: [ app_begin ] --END-- [ RunTime:0.004000s ]
SQL: SHOW COLUMNS FROM `class` [ RunTime:0.0020s ]
SQL: SELECT * FROM `class`  [ RunTime:0.0000s ]
INFO: [ view_parse ] --START--
INFO: [ template_filter ] --START--
INFO: Run Behavior\ContentReplaceBehavior [ RunTime:0.001000s ]
INFO: [ template_filter ] --END-- [ RunTime:0.003000s ]
NOTIC: [8] Use of undefined constant bb - assumed 'bb' D:\php\webapp\mytkp\Application\Runtime\Cache\Home\cd99c5d87f26ee8fde42d779325e469a.php 第 11 行.
NOTIC: [8] Use of undefined constant name - assumed 'name' D:\php\webapp\mytkp\Application\Runtime\Cache\Home\cd99c5d87f26ee8fde42d779325e469a.php 第 12 行.
NOTIC: [8] Undefined variable: key D:\php\webapp\mytkp\Application\Runtime\Cache\Home\cd99c5d87f26ee8fde42d779325e469a.php 第 38 行.
INFO: Run Behavior\ParseTemplateBehavior [ RunTime:0.199012s ]
INFO: [ view_parse ] --END-- [ RunTime:0.202012s ]
INFO: [ view_filter ] --START--
INFO: Run Behavior\WriteHtmlCacheBehavior [ RunTime:0.001000s ]
INFO: [ view_filter ] --END-- [ RunTime:0.003000s ]
INFO: [ app_end ] --START--
INFO: Run Behavior\ShowPageTraceBehavior [ RunTime:0.001000s ]
INFO: [ app_end ] --END-- [ RunTime:0.003000s ]

[ 2016-06-18T16:03:53+08:00 ] 127.0.0.1 /mytkp/index.php/Home/Class/reg/userName/admin/userPass/123321
INFO: [ app_init ] --START--
INFO: Run Behavior\BuildLiteBehavior [ RunTime:0.000000s ]
INFO: [ app_init ] --END-- [ RunTime:0.003000s ]
INFO: [ app_begin ] --START--
INFO: Run Behavior\ReadHtmlCacheBehavior [ RunTime:0.002000s ]
INFO: [ app_begin ] --END-- [ RunTime:0.004000s ]
SQL: SHOW COLUMNS FROM `class` [ RunTime:0.0020s ]
SQL: SELECT * FROM `class`  [ RunTime:0.0010s ]
INFO: [ view_parse ] --START--
INFO: [ template_filter ] --START--
INFO: Run Behavior\ContentReplaceBehavior [ RunTime:0.001000s ]
INFO: [ template_filter ] --END-- [ RunTime:0.003000s ]
NOTIC: [8] Use of undefined constant bb - assumed 'bb' D:\php\webapp\mytkp\Application\Runtime\Cache\Home\cd99c5d87f26ee8fde42d779325e469a.php 第 11 行.
NOTIC: [8] Use of undefined constant name - assumed 'name' D:\php\webapp\mytkp\Application\Runtime\Cache\Home\cd99c5d87f26ee8fde42d779325e469a.php 第 12 行.
NOTIC: [8] Undefined variable: key D:\php\webapp\mytkp\Application\Runtime\Cache\Home\cd99c5d87f26ee8fde42d779325e469a.php 第 38 行.
INFO: Run Behavior\ParseTemplateBehavior [ RunTime:0.200011s ]
INFO: [ view_parse ] --END-- [ RunTime:0.202011s ]
INFO: [ view_filter ] --START--
INFO: Run Behavior\WriteHtmlCacheBehavior [ RunTime:0.001000s ]
INFO: [ view_filter ] --END-- [ RunTime:0.003000s ]
INFO: [ app_end ] --START--
INFO: Run Behavior\ShowPageTraceBehavior [ RunTime:0.001000s ]
INFO: [ app_end ] --END-- [ RunTime:0.003000s ]

[ 2016-06-18T16:09:37+08:00 ] 127.0.0.1 /mytkp/index.php/Home/Class/reg/userName/admin/userPass/123321
INFO: [ app_init ] --START--
INFO: Run Behavior\BuildLiteBehavior [ RunTime:0.000000s ]
INFO: [ app_init ] --END-- [ RunTime:0.003000s ]
INFO: [ app_begin ] --START--
INFO: Run Behavior\ReadHtmlCacheBehavior [ RunTime:0.002000s ]
INFO: [ app_begin ] --END-- [ RunTime:0.004000s ]
SQL: SHOW COLUMNS FROM `class` [ RunTime:0.0020s ]
SQL: SELECT * FROM `class`  [ RunTime:0.0000s ]
INFO: [ view_parse ] --START--
INFO: [ template_filter ] --START--
INFO: Run Behavior\ContentReplaceBehavior [ RunTime:0.001000s ]
INFO: [ template_filter ] --END-- [ RunTime:0.003000s ]
NOTIC: [8] Use of undefined constant bb - assumed 'bb' D:\php\webapp\mytkp\Application\Runtime\Cache\Home\cd99c5d87f26ee8fde42d779325e469a.php 第 11 行.
NOTIC: [8] Use of undefined constant name - assumed 'name' D:\php\webapp\mytkp\Application\Runtime\Cache\Home\cd99c5d87f26ee8fde42d779325e469a.php 第 12 行.
NOTIC: [8] Undefined variable: key D:\php\webapp\mytkp\Application\Runtime\Cache\Home\cd99c5d87f26ee8fde42d779325e469a.php 第 38 行.
NOTIC: [8] Undefined variable: 3 D:\php\webapp\mytkp\Application\Runtime\Cache\Home\cd99c5d87f26ee8fde42d779325e469a.php 第 125 行.
INFO: Run Behavior\ParseTemplateBehavior [ RunTime:0.210012s ]
INFO: [ view_parse ] --END-- [ RunTime:0.213012s ]
INFO: [ view_filter ] --START--
INFO: Run Behavior\WriteHtmlCacheBehavior [ RunTime:0.001000s ]
INFO: [ view_filter ] --END-- [ RunTime:0.003000s ]
INFO: [ app_end ] --START--
INFO: Run Behavior\ShowPageTraceBehavior [ RunTime:0.002000s ]
INFO: [ app_end ] --END-- [ RunTime:0.004000s ]

[ 2016-06-18T16:09:41+08:00 ] 127.0.0.1 /mytkp/index.php/Home/Class/reg/userName/admin/userPass/123321
INFO: [ app_init ] --START--
INFO: Run Behavior\BuildLiteBehavior [ RunTime:0.000000s ]
INFO: [ app_init ] --END-- [ RunTime:0.003000s ]
INFO: [ app_begin ] --START--
INFO: Run Behavior\ReadHtmlCacheBehavior [ RunTime:0.001000s ]
INFO: [ app_begin ] --END-- [ RunTime:0.003000s ]
SQL: SHOW COLUMNS FROM `class` [ RunTime:0.0020s ]
SQL: SELECT * FROM `class`  [ RunTime:0.0000s ]
INFO: [ view_parse ] --START--
INFO: [ template_filter ] --START--
INFO: Run Behavior\ContentReplaceBehavior [ RunTime:0.001000s ]
INFO: [ template_filter ] --END-- [ RunTime:0.003000s ]
NOTIC: [8] Use of undefined constant bb - assumed 'bb' D:\php\webapp\mytkp\Application\Runtime\Cache\Home\cd99c5d87f26ee8fde42d779325e469a.php 第 11 行.
NOTIC: [8] Use of undefined constant name - assumed 'name' D:\php\webapp\mytkp\Application\Runtime\Cache\Home\cd99c5d87f26ee8fde42d779325e469a.php 第 12 行.
NOTIC: [8] Undefined variable: key D:\php\webapp\mytkp\Application\Runtime\Cache\Home\cd99c5d87f26ee8fde42d779325e469a.php 第 38 行.
NOTIC: [8] Undefined variable: 3 D:\php\webapp\mytkp\Application\Runtime\Cache\Home\cd99c5d87f26ee8fde42d779325e469a.php 第 125 行.
INFO: Run Behavior\ParseTemplateBehavior [ RunTime:0.216012s ]
INFO: [ view_parse ] --END-- [ RunTime:0.218012s ]
INFO: [ view_filter ] --START--
INFO: Run Behavior\WriteHtmlCacheBehavior [ RunTime:0.001000s ]
INFO: [ view_filter ] --END-- [ RunTime:0.003000s ]
INFO: [ app_end ] --START--
INFO: Run Behavior\ShowPageTraceBehavior [ RunTime:0.001000s ]
INFO: [ app_end ] --END-- [ RunTime:0.003000s ]

[ 2016-06-18T16:10:03+08:00 ] 127.0.0.1 /mytkp/index.php/Home/Class/reg/userName/admin/userPass/123321
INFO: [ app_init ] --START--
INFO: Run Behavior\BuildLiteBehavior [ RunTime:0.001000s ]
INFO: [ app_init ] --END-- [ RunTime:0.003000s ]
INFO: [ app_begin ] --START--
INFO: Run Behavior\ReadHtmlCacheBehavior [ RunTime:0.001000s ]
INFO: [ app_begin ] --END-- [ RunTime:0.004000s ]
SQL: SHOW COLUMNS FROM `class` [ RunTime:0.0020s ]
SQL: SELECT * FROM `class`  [ RunTime:0.0000s ]
INFO: [ view_parse ] --START--
INFO: [ template_filter ] --START--
INFO: Run Behavior\ContentReplaceBehavior [ RunTime:0.001000s ]
INFO: [ template_filter ] --END-- [ RunTime:0.003000s ]
NOTIC: [8] Use of undefined constant bb - assumed 'bb' D:\php\webapp\mytkp\Application\Runtime\Cache\Home\cd99c5d87f26ee8fde42d779325e469a.php 第 11 行.
NOTIC: [8] Use of undefined constant name - assumed 'name' D:\php\webapp\mytkp\Application\Runtime\Cache\Home\cd99c5d87f26ee8fde42d779325e469a.php 第 12 行.
NOTIC: [8] Undefined variable: key D:\php\webapp\mytkp\Application\Runtime\Cache\Home\cd99c5d87f26ee8fde42d779325e469a.php 第 38 行.
NOTIC: [8] Undefined variable: 3 D:\php\webapp\mytkp\Application\Runtime\Cache\Home\cd99c5d87f26ee8fde42d779325e469a.php 第 125 行.
INFO: Run Behavior\ParseTemplateBehavior [ RunTime:0.210012s ]
INFO: [ view_parse ] --END-- [ RunTime:0.212012s ]
INFO: [ view_filter ] --START--
INFO: Run Behavior\WriteHtmlCacheBehavior [ RunTime:0.001000s ]
INFO: [ view_filter ] --END-- [ RunTime:0.004000s ]
INFO: [ app_end ] --START--
INFO: Run Behavior\ShowPageTraceBehavior [ RunTime:0.002000s ]
INFO: [ app_end ] --END-- [ RunTime:0.004001s ]

[ 2016-06-18T16:10:06+08:00 ] 127.0.0.1 /mytkp/index.php/Home/Class/reg/userName/admin/userPass/123321
INFO: [ app_init ] --START--
INFO: Run Behavior\BuildLiteBehavior [ RunTime:0.000000s ]
INFO: [ app_init ] --END-- [ RunTime:0.003000s ]
INFO: [ app_begin ] --START--
INFO: Run Behavior\ReadHtmlCacheBehavior [ RunTime:0.001000s ]
INFO: [ app_begin ] --END-- [ RunTime:0.003001s ]
SQL: SHOW COLUMNS FROM `class` [ RunTime:0.0020s ]
SQL: SELECT * FROM `class`  [ RunTime:0.0000s ]
INFO: [ view_parse ] --START--
INFO: [ template_filter ] --START--
INFO: Run Behavior\ContentReplaceBehavior [ RunTime:0.001000s ]
INFO: [ template_filter ] --END-- [ RunTime:0.003000s ]
NOTIC: [8] Use of undefined constant bb - assumed 'bb' D:\php\webapp\mytkp\Application\Runtime\Cache\Home\cd99c5d87f26ee8fde42d779325e469a.php 第 11 行.
NOTIC: [8] Use of undefined constant name - assumed 'name' D:\php\webapp\mytkp\Application\Runtime\Cache\Home\cd99c5d87f26ee8fde42d779325e469a.php 第 12 行.
NOTIC: [8] Undefined variable: key D:\php\webapp\mytkp\Application\Runtime\Cache\Home\cd99c5d87f26ee8fde42d779325e469a.php 第 38 行.
NOTIC: [8] Undefined variable: 3 D:\php\webapp\mytkp\Application\Runtime\Cache\Home\cd99c5d87f26ee8fde42d779325e469a.php 第 125 行.
INFO: Run Behavior\ParseTemplateBehavior [ RunTime:0.214012s ]
INFO: [ view_parse ] --END-- [ RunTime:0.215013s ]
INFO: [ view_filter ] --START--
INFO: Run Behavior\WriteHtmlCacheBehavior [ RunTime:0.001000s ]
INFO: [ view_filter ] --END-- [ RunTime:0.003000s ]
INFO: [ app_end ] --START--
INFO: Run Behavior\ShowPageTraceBehavior [ RunTime:0.002000s ]
INFO: [ app_end ] --END-- [ RunTime:0.004000s ]

[ 2016-06-18T16:10:21+08:00 ] 127.0.0.1 /mytkp/index.php/Home/Class/reg/userName/admin/userPass/123321
INFO: [ app_init ] --START--
INFO: Run Behavior\BuildLiteBehavior [ RunTime:0.000000s ]
INFO: [ app_init ] --END-- [ RunTime:0.003000s ]
INFO: [ app_begin ] --START--
INFO: Run Behavior\ReadHtmlCacheBehavior [ RunTime:0.002000s ]
INFO: [ app_begin ] --END-- [ RunTime:0.004000s ]
SQL: SHOW COLUMNS FROM `class` [ RunTime:0.0020s ]
SQL: SELECT * FROM `class`  [ RunTime:0.0010s ]
INFO: [ view_parse ] --START--
INFO: [ template_filter ] --START--
INFO: Run Behavior\ContentReplaceBehavior [ RunTime:0.001000s ]
INFO: [ template_filter ] --END-- [ RunTime:0.003000s ]
NOTIC: [8] Use of undefined constant bb - assumed 'bb' D:\php\webapp\mytkp\Application\Runtime\Cache\Home\cd99c5d87f26ee8fde42d779325e469a.php 第 11 行.
NOTIC: [8] Use of undefined constant name - assumed 'name' D:\php\webapp\mytkp\Application\Runtime\Cache\Home\cd99c5d87f26ee8fde42d779325e469a.php 第 12 行.
NOTIC: [8] Undefined variable: key D:\php\webapp\mytkp\Application\Runtime\Cache\Home\cd99c5d87f26ee8fde42d779325e469a.php 第 38 行.
INFO: Run Behavior\ParseTemplateBehavior [ RunTime:0.209012s ]
INFO: [ view_parse ] --END-- [ RunTime:0.211012s ]
INFO: [ view_filter ] --START--
INFO: Run Behavior\WriteHtmlCacheBehavior [ RunTime:0.002001s ]
INFO: [ view_filter ] --END-- [ RunTime:0.004001s ]
INFO: [ app_end ] --START--
INFO: Run Behavior\ShowPageTraceBehavior [ RunTime:0.002000s ]
INFO: [ app_end ] --END-- [ RunTime:0.004000s ]

[ 2016-06-18T16:11:47+08:00 ] 127.0.0.1 /mytkp/index.php/Home/Class/reg/userName/admin/userPass/123321
INFO: [ app_init ] --START--
INFO: Run Behavior\BuildLiteBehavior [ RunTime:0.000000s ]
INFO: [ app_init ] --END-- [ RunTime:0.003000s ]
INFO: [ app_begin ] --START--
INFO: Run Behavior\ReadHtmlCacheBehavior [ RunTime:0.002001s ]
INFO: [ app_begin ] --END-- [ RunTime:0.004001s ]
SQL: SHOW COLUMNS FROM `class` [ RunTime:0.0020s ]
SQL: SELECT * FROM `class`  [ RunTime:0.0000s ]
INFO: [ view_parse ] --START--
INFO: [ template_filter ] --START--
INFO: Run Behavior\ContentReplaceBehavior [ RunTime:0.001000s ]
INFO: [ template_filter ] --END-- [ RunTime:0.003000s ]
NOTIC: [8] Use of undefined constant bb - assumed 'bb' D:\php\webapp\mytkp\Application\Runtime\Cache\Home\cd99c5d87f26ee8fde42d779325e469a.php 第 11 行.
NOTIC: [8] Use of undefined constant name - assumed 'name' D:\php\webapp\mytkp\Application\Runtime\Cache\Home\cd99c5d87f26ee8fde42d779325e469a.php 第 12 行.
NOTIC: [8] Undefined variable: key D:\php\webapp\mytkp\Application\Runtime\Cache\Home\cd99c5d87f26ee8fde42d779325e469a.php 第 38 行.
INFO: Run Behavior\ParseTemplateBehavior [ RunTime:0.210012s ]
INFO: [ view_parse ] --END-- [ RunTime:0.212012s ]
INFO: [ view_filter ] --START--
INFO: Run Behavior\WriteHtmlCacheBehavior [ RunTime:0.002001s ]
INFO: [ view_filter ] --END-- [ RunTime:0.004001s ]
INFO: [ app_end ] --START--
INFO: Run Behavior\ShowPageTraceBehavior [ RunTime:0.002000s ]
INFO: [ app_end ] --END-- [ RunTime:0.004000s ]

[ 2016-06-18T16:12:11+08:00 ] 127.0.0.1 /mytkp/index.php/Home/Class/reg/userName/admin/userPass/123321
INFO: [ app_init ] --START--
INFO: Run Behavior\BuildLiteBehavior [ RunTime:0.000000s ]
INFO: [ app_init ] --END-- [ RunTime:0.003000s ]
INFO: [ app_begin ] --START--
INFO: Run Behavior\ReadHtmlCacheBehavior [ RunTime:0.002000s ]
INFO: [ app_begin ] --END-- [ RunTime:0.004000s ]
SQL: SHOW COLUMNS FROM `class` [ RunTime:0.0020s ]
SQL: SELECT * FROM `class`  [ RunTime:0.0000s ]
INFO: [ view_parse ] --START--
INFO: [ template_filter ] --START--
INFO: Run Behavior\ContentReplaceBehavior [ RunTime:0.001000s ]
INFO: [ template_filter ] --END-- [ RunTime:0.003000s ]
NOTIC: [8] Use of undefined constant bb - assumed 'bb' D:\php\webapp\mytkp\Application\Runtime\Cache\Home\cd99c5d87f26ee8fde42d779325e469a.php 第 11 行.
NOTIC: [8] Use of undefined constant name - assumed 'name' D:\php\webapp\mytkp\Application\Runtime\Cache\Home\cd99c5d87f26ee8fde42d779325e469a.php 第 12 行.
NOTIC: [8] Undefined variable: key D:\php\webapp\mytkp\Application\Runtime\Cache\Home\cd99c5d87f26ee8fde42d779325e469a.php 第 40 行.
INFO: Run Behavior\ParseTemplateBehavior [ RunTime:0.210012s ]
INFO: [ view_parse ] --END-- [ RunTime:0.212012s ]
INFO: [ view_filter ] --START--
INFO: Run Behavior\WriteHtmlCacheBehavior [ RunTime:0.002000s ]
INFO: [ view_filter ] --END-- [ RunTime:0.004000s ]
INFO: [ app_end ] --START--
INFO: Run Behavior\ShowPageTraceBehavior [ RunTime:0.001000s ]
INFO: [ app_end ] --END-- [ RunTime:0.003000s ]

[ 2016-06-18T16:12:33+08:00 ] 127.0.0.1 /mytkp/index.php/Home/Class/reg/userName/admin/userPass/123321
INFO: [ app_init ] --START--
INFO: Run Behavior\BuildLiteBehavior [ RunTime:0.000000s ]
INFO: [ app_init ] --END-- [ RunTime:0.003000s ]
INFO: [ app_begin ] --START--
INFO: Run Behavior\ReadHtmlCacheBehavior [ RunTime:0.001000s ]
INFO: [ app_begin ] --END-- [ RunTime:0.003000s ]
SQL: SHOW COLUMNS FROM `class` [ RunTime:0.0020s ]
SQL: SELECT * FROM `class`  [ RunTime:0.0000s ]
INFO: [ view_parse ] --START--
INFO: [ template_filter ] --START--
INFO: Run Behavior\ContentReplaceBehavior [ RunTime:0.001000s ]
INFO: [ template_filter ] --END-- [ RunTime:0.003001s ]
NOTIC: [8] Use of undefined constant bb - assumed 'bb' D:\php\webapp\mytkp\Application\Runtime\Cache\Home\cd99c5d87f26ee8fde42d779325e469a.php 第 11 行.
NOTIC: [8] Use of undefined constant name - assumed 'name' D:\php\webapp\mytkp\Application\Runtime\Cache\Home\cd99c5d87f26ee8fde42d779325e469a.php 第 12 行.
NOTIC: [8] Undefined variable: key D:\php\webapp\mytkp\Application\Runtime\Cache\Home\cd99c5d87f26ee8fde42d779325e469a.php 第 40 行.
INFO: Run Behavior\ParseTemplateBehavior [ RunTime:0.213012s ]
INFO: [ view_parse ] --END-- [ RunTime:0.215012s ]
INFO: [ view_filter ] --START--
INFO: Run Behavior\WriteHtmlCacheBehavior [ RunTime:0.001001s ]
INFO: [ view_filter ] --END-- [ RunTime:0.003001s ]
INFO: [ app_end ] --START--
INFO: Run Behavior\ShowPageTraceBehavior [ RunTime:0.001000s ]
INFO: [ app_end ] --END-- [ RunTime:0.003000s ]

[ 2016-06-18T16:13:22+08:00 ] 127.0.0.1 /mytkp/index.php/Home/Class/reg/userName/admin/userPass/123321
INFO: [ app_init ] --START--
INFO: Run Behavior\BuildLiteBehavior [ RunTime:0.000000s ]
INFO: [ app_init ] --END-- [ RunTime:0.003000s ]
INFO: [ app_begin ] --START--
INFO: Run Behavior\ReadHtmlCacheBehavior [ RunTime:0.001000s ]
INFO: [ app_begin ] --END-- [ RunTime:0.003000s ]
SQL: SHOW COLUMNS FROM `class` [ RunTime:0.0020s ]
SQL: SELECT * FROM `class`  [ RunTime:0.0010s ]
INFO: [ view_parse ] --START--
INFO: [ template_filter ] --START--
INFO: Run Behavior\ContentReplaceBehavior [ RunTime:0.001000s ]
INFO: [ template_filter ] --END-- [ RunTime:0.003000s ]
NOTIC: [8] Use of undefined constant bb - assumed 'bb' D:\php\webapp\mytkp\Application\Runtime\Cache\Home\cd99c5d87f26ee8fde42d779325e469a.php 第 11 行.
NOTIC: [8] Use of undefined constant name - assumed 'name' D:\php\webapp\mytkp\Application\Runtime\Cache\Home\cd99c5d87f26ee8fde42d779325e469a.php 第 12 行.
NOTIC: [8] Undefined variable: key D:\php\webapp\mytkp\Application\Runtime\Cache\Home\cd99c5d87f26ee8fde42d779325e469a.php 第 38 行.
INFO: Run Behavior\ParseTemplateBehavior [ RunTime:0.214012s ]
INFO: [ view_parse ] --END-- [ RunTime:0.216013s ]
INFO: [ view_filter ] --START--
INFO: Run Behavior\WriteHtmlCacheBehavior [ RunTime:0.001000s ]
INFO: [ view_filter ] --END-- [ RunTime:0.003000s ]
INFO: [ app_end ] --START--
INFO: Run Behavior\ShowPageTraceBehavior [ RunTime:0.001000s ]
INFO: [ app_end ] --END-- [ RunTime:0.003000s ]

[ 2016-06-18T16:13:56+08:00 ] 127.0.0.1 /mytkp/index.php/Home/Class/reg/userName/admin/userPass/123321
INFO: [ app_init ] --START--
INFO: Run Behavior\BuildLiteBehavior [ RunTime:0.000000s ]
INFO: [ app_init ] --END-- [ RunTime:0.003000s ]
INFO: [ app_begin ] --START--
INFO: Run Behavior\ReadHtmlCacheBehavior [ RunTime:0.002000s ]
INFO: [ app_begin ] --END-- [ RunTime:0.004000s ]
SQL: SHOW COLUMNS FROM `class` [ RunTime:0.0020s ]
SQL: SELECT * FROM `class`  [ RunTime:0.0010s ]
INFO: [ view_parse ] --START--
INFO: [ template_filter ] --START--
INFO: Run Behavior\ContentReplaceBehavior [ RunTime:0.001000s ]
INFO: [ template_filter ] --END-- [ RunTime:0.003000s ]
NOTIC: [8] Use of undefined constant bb - assumed 'bb' D:\php\webapp\mytkp\Application\Runtime\Cache\Home\cd99c5d87f26ee8fde42d779325e469a.php 第 11 行.
NOTIC: [8] Use of undefined constant name - assumed 'name' D:\php\webapp\mytkp\Application\Runtime\Cache\Home\cd99c5d87f26ee8fde42d779325e469a.php 第 12 行.
INFO: Run Behavior\ParseTemplateBehavior [ RunTime:0.075005s ]
INFO: [ view_parse ] --END-- [ RunTime:0.077005s ]
INFO: [ view_filter ] --START--
INFO: Run Behavior\WriteHtmlCacheBehavior [ RunTime:0.001000s ]
INFO: [ view_filter ] --END-- [ RunTime:0.003000s ]
INFO: [ app_end ] --START--
INFO: Run Behavior\ShowPageTraceBehavior [ RunTime:0.002000s ]
INFO: [ app_end ] --END-- [ RunTime:0.004000s ]

[ 2016-06-18T16:14:50+08:00 ] 127.0.0.1 /mytkp/index.php/Home/Class/reg/userName/admin/userPass/123321
INFO: [ app_init ] --START--
INFO: Run Behavior\BuildLiteBehavior [ RunTime:0.000000s ]
INFO: [ app_init ] --END-- [ RunTime:0.003000s ]
INFO: [ app_begin ] --START--
INFO: Run Behavior\ReadHtmlCacheBehavior [ RunTime:0.002000s ]
INFO: [ app_begin ] --END-- [ RunTime:0.004000s ]
SQL: SHOW COLUMNS FROM `class` [ RunTime:0.0020s ]
SQL: SELECT * FROM `class`  [ RunTime:0.0010s ]
INFO: [ view_parse ] --START--
INFO: [ template_filter ] --START--
INFO: Run Behavior\ContentReplaceBehavior [ RunTime:0.001000s ]
INFO: [ template_filter ] --END-- [ RunTime:0.003000s ]
NOTIC: [8] Use of undefined constant bb - assumed 'bb' D:\php\webapp\mytkp\Application\Runtime\Cache\Home\cd99c5d87f26ee8fde42d779325e469a.php 第 11 行.
NOTIC: [8] Use of undefined constant name - assumed 'name' D:\php\webapp\mytkp\Application\Runtime\Cache\Home\cd99c5d87f26ee8fde42d779325e469a.php 第 12 行.
NOTIC: [8] Undefined variable: key D:\php\webapp\mytkp\Application\Runtime\Cache\Home\cd99c5d87f26ee8fde42d779325e469a.php 第 38 行.
INFO: Run Behavior\ParseTemplateBehavior [ RunTime:0.212012s ]
INFO: [ view_parse ] --END-- [ RunTime:0.214012s ]
INFO: [ view_filter ] --START--
INFO: Run Behavior\WriteHtmlCacheBehavior [ RunTime:0.002000s ]
INFO: [ view_filter ] --END-- [ RunTime:0.004000s ]
INFO: [ app_end ] --START--
INFO: Run Behavior\ShowPageTraceBehavior [ RunTime:0.002001s ]
INFO: [ app_end ] --END-- [ RunTime:0.004001s ]

[ 2016-06-18T16:15:20+08:00 ] 127.0.0.1 /mytkp/index.php/Home/Class/reg/userName/admin/userPass/123321
INFO: [ app_init ] --START--
INFO: Run Behavior\BuildLiteBehavior [ RunTime:0.000000s ]
INFO: [ app_init ] --END-- [ RunTime:0.003000s ]
INFO: [ app_begin ] --START--
INFO: Run Behavior\ReadHtmlCacheBehavior [ RunTime:0.002000s ]
INFO: [ app_begin ] --END-- [ RunTime:0.004000s ]
SQL: SHOW COLUMNS FROM `class` [ RunTime:0.0020s ]
SQL: SELECT * FROM `class`  [ RunTime:0.0000s ]
INFO: [ view_parse ] --START--
INFO: [ template_filter ] --START--
INFO: Run Behavior\ContentReplaceBehavior [ RunTime:0.001000s ]
INFO: [ template_filter ] --END-- [ RunTime:0.003000s ]
NOTIC: [8] Use of undefined constant bb - assumed 'bb' D:\php\webapp\mytkp\Application\Runtime\Cache\Home\cd99c5d87f26ee8fde42d779325e469a.php 第 11 行.
NOTIC: [8] Use of undefined constant name - assumed 'name' D:\php\webapp\mytkp\Application\Runtime\Cache\Home\cd99c5d87f26ee8fde42d779325e469a.php 第 12 行.
NOTIC: [8] Undefined variable: key D:\php\webapp\mytkp\Application\Runtime\Cache\Home\cd99c5d87f26ee8fde42d779325e469a.php 第 38 行.
INFO: Run Behavior\ParseTemplateBehavior [ RunTime:0.208011s ]
INFO: [ view_parse ] --END-- [ RunTime:0.210012s ]
INFO: [ view_filter ] --START--
INFO: Run Behavior\WriteHtmlCacheBehavior [ RunTime:0.002000s ]
INFO: [ view_filter ] --END-- [ RunTime:0.003000s ]
INFO: [ app_end ] --START--
INFO: Run Behavior\ShowPageTraceBehavior [ RunTime:0.002000s ]
INFO: [ app_end ] --END-- [ RunTime:0.004000s ]

[ 2016-06-18T16:18:43+08:00 ] 127.0.0.1 /mytkp/index.php/Home/Class/reg/userName/admin/userPass/123321
INFO: [ app_init ] --START--
INFO: Run Behavior\BuildLiteBehavior [ RunTime:0.000000s ]
INFO: [ app_init ] --END-- [ RunTime:0.002000s ]
INFO: [ app_begin ] --START--
INFO: Run Behavior\ReadHtmlCacheBehavior [ RunTime:0.001000s ]
INFO: [ app_begin ] --END-- [ RunTime:0.004000s ]
SQL: SHOW COLUMNS FROM `class` [ RunTime:0.0020s ]
SQL: SELECT * FROM `class`  [ RunTime:0.0000s ]
INFO: [ view_parse ] --START--
NOTIC: [2] simplexml_load_string(): Entity: line 1: parser error : Unescaped '&lt;' not allowed in attributes values D:\php\webapp\mytkp\ThinkPHP\Library\Think\Template\TagLib.class.php 第 80 行.
NOTIC: [2] simplexml_load_string(): &lt;tpl&gt;&lt;tag condition=&quot;j /&gt;&lt;/tpl&gt; D:\php\webapp\mytkp\ThinkPHP\Library\Think\Template\TagLib.class.php 第 80 行.
NOTIC: [2] simplexml_load_string():                          ^ D:\php\webapp\mytkp\ThinkPHP\Library\Think\Template\TagLib.class.php 第 80 行.
NOTIC: [2] simplexml_load_string(): Entity: line 1: parser error : attributes construct error D:\php\webapp\mytkp\ThinkPHP\Library\Think\Template\TagLib.class.php 第 80 行.
NOTIC: [2] simplexml_load_string(): &lt;tpl&gt;&lt;tag condition=&quot;j /&gt;&lt;/tpl&gt; D:\php\webapp\mytkp\ThinkPHP\Library\Think\Template\TagLib.class.php 第 80 行.
NOTIC: [2] simplexml_load_string():                          ^ D:\php\webapp\mytkp\ThinkPHP\Library\Think\Template\TagLib.class.php 第 80 行.
NOTIC: [2] simplexml_load_string(): Entity: line 1: parser error : Couldn't find end of Start Tag tag line 1 D:\php\webapp\mytkp\ThinkPHP\Library\Think\Template\TagLib.class.php 第 80 行.
NOTIC: [2] simplexml_load_string(): &lt;tpl&gt;&lt;tag condition=&quot;j /&gt;&lt;/tpl&gt; D:\php\webapp\mytkp\ThinkPHP\Library\Think\Template\TagLib.class.php 第 80 行.
NOTIC: [2] simplexml_load_string():                          ^ D:\php\webapp\mytkp\ThinkPHP\Library\Think\Template\TagLib.class.php 第 80 行.
ERR: XML标签语法错误 : condition="j

[ 2016-06-18T16:19:02+08:00 ] 127.0.0.1 /mytkp/index.php/Home/Class/reg/userName/admin/userPass/123321
INFO: [ app_init ] --START--
INFO: Run Behavior\BuildLiteBehavior [ RunTime:0.001000s ]
INFO: [ app_init ] --END-- [ RunTime:0.003001s ]
INFO: [ app_begin ] --START--
INFO: Run Behavior\ReadHtmlCacheBehavior [ RunTime:0.002000s ]
INFO: [ app_begin ] --END-- [ RunTime:0.004000s ]
SQL: SHOW COLUMNS FROM `class` [ RunTime:0.0020s ]
SQL: SELECT * FROM `class`  [ RunTime:0.0000s ]
INFO: [ view_parse ] --START--
NOTIC: [2] simplexml_load_string(): Entity: line 1: parser error : Unescaped '&lt;' not allowed in attributes values D:\php\webapp\mytkp\ThinkPHP\Library\Think\Template\TagLib.class.php 第 80 行.
NOTIC: [2] simplexml_load_string(): &lt;tpl&gt;&lt;tag condition=&quot;$j /&gt;&lt;/tpl&gt; D:\php\webapp\mytkp\ThinkPHP\Library\Think\Template\TagLib.class.php 第 80 行.
NOTIC: [2] simplexml_load_string():                           ^ D:\php\webapp\mytkp\ThinkPHP\Library\Think\Template\TagLib.class.php 第 80 行.
NOTIC: [2] simplexml_load_string(): Entity: line 1: parser error : attributes construct error D:\php\webapp\mytkp\ThinkPHP\Library\Think\Template\TagLib.class.php 第 80 行.
NOTIC: [2] simplexml_load_string(): &lt;tpl&gt;&lt;tag condition=&quot;$j /&gt;&lt;/tpl&gt; D:\php\webapp\mytkp\ThinkPHP\Library\Think\Template\TagLib.class.php 第 80 行.
NOTIC: [2] simplexml_load_string():                           ^ D:\php\webapp\mytkp\ThinkPHP\Library\Think\Template\TagLib.class.php 第 80 行.
NOTIC: [2] simplexml_load_string(): Entity: line 1: parser error : Couldn't find end of Start Tag tag line 1 D:\php\webapp\mytkp\ThinkPHP\Library\Think\Template\TagLib.class.php 第 80 行.
NOTIC: [2] simplexml_load_string(): &lt;tpl&gt;&lt;tag condition=&quot;$j /&gt;&lt;/tpl&gt; D:\php\webapp\mytkp\ThinkPHP\Library\Think\Template\TagLib.class.php 第 80 行.
NOTIC: [2] simplexml_load_string():                           ^ D:\php\webapp\mytkp\ThinkPHP\Library\Think\Template\TagLib.class.php 第 80 行.
ERR: XML标签语法错误 : condition="$j

[ 2016-06-18T16:19:26+08:00 ] 127.0.0.1 /mytkp/index.php/Home/Class/reg/userName/admin/userPass/123321
INFO: [ app_init ] --START--
INFO: Run Behavior\BuildLiteBehavior [ RunTime:0.000000s ]
INFO: [ app_init ] --END-- [ RunTime:0.003000s ]
INFO: [ app_begin ] --START--
INFO: Run Behavior\ReadHtmlCacheBehavior [ RunTime:0.001000s ]
INFO: [ app_begin ] --END-- [ RunTime:0.003000s ]
SQL: SHOW COLUMNS FROM `class` [ RunTime:0.0030s ]
SQL: SELECT * FROM `class`  [ RunTime:0.0010s ]
INFO: [ view_parse ] --START--
INFO: [ template_filter ] --START--
INFO: Run Behavior\ContentReplaceBehavior [ RunTime:0.001000s ]
INFO: [ template_filter ] --END-- [ RunTime:0.003000s ]
NOTIC: [8] Use of undefined constant bb - assumed 'bb' D:\php\webapp\mytkp\Application\Runtime\Cache\Home\cd99c5d87f26ee8fde42d779325e469a.php 第 11 行.
NOTIC: [8] Use of undefined constant name - assumed 'name' D:\php\webapp\mytkp\Application\Runtime\Cache\Home\cd99c5d87f26ee8fde42d779325e469a.php 第 12 行.
NOTIC: [8] Undefined variable: key D:\php\webapp\mytkp\Application\Runtime\Cache\Home\cd99c5d87f26ee8fde42d779325e469a.php 第 38 行.
INFO: Run Behavior\ParseTemplateBehavior [ RunTime:0.219012s ]
INFO: [ view_parse ] --END-- [ RunTime:0.220012s ]
INFO: [ view_filter ] --START--
INFO: Run Behavior\WriteHtmlCacheBehavior [ RunTime:0.002001s ]
INFO: [ view_filter ] --END-- [ RunTime:0.004001s ]
INFO: [ app_end ] --START--
INFO: Run Behavior\ShowPageTraceBehavior [ RunTime:0.002000s ]
INFO: [ app_end ] --END-- [ RunTime:0.004000s ]

[ 2016-06-18T16:19:40+08:00 ] 127.0.0.1 /mytkp/index.php/Home/Class/reg/userName/admin/userPass/123321
INFO: [ app_init ] --START--
INFO: Run Behavior\BuildLiteBehavior [ RunTime:0.000000s ]
INFO: [ app_init ] --END-- [ RunTime:0.003000s ]
INFO: [ app_begin ] --START--
INFO: Run Behavior\ReadHtmlCacheBehavior [ RunTime:0.002000s ]
INFO: [ app_begin ] --END-- [ RunTime:0.004000s ]
SQL: SHOW COLUMNS FROM `class` [ RunTime:0.0020s ]
SQL: SELECT * FROM `class`  [ RunTime:0.0010s ]
INFO: [ view_parse ] --START--
INFO: [ template_filter ] --START--
INFO: Run Behavior\ContentReplaceBehavior [ RunTime:0.001001s ]
INFO: [ template_filter ] --END-- [ RunTime:0.003001s ]
NOTIC: [8] Use of undefined constant bb - assumed 'bb' D:\php\webapp\mytkp\Application\Runtime\Cache\Home\cd99c5d87f26ee8fde42d779325e469a.php 第 11 行.
NOTIC: [8] Use of undefined constant name - assumed 'name' D:\php\webapp\mytkp\Application\Runtime\Cache\Home\cd99c5d87f26ee8fde42d779325e469a.php 第 12 行.
NOTIC: [8] Undefined variable: key D:\php\webapp\mytkp\Application\Runtime\Cache\Home\cd99c5d87f26ee8fde42d779325e469a.php 第 38 行.
INFO: Run Behavior\ParseTemplateBehavior [ RunTime:0.213012s ]
INFO: [ view_parse ] --END-- [ RunTime:0.215012s ]
INFO: [ view_filter ] --START--
INFO: Run Behavior\WriteHtmlCacheBehavior [ RunTime:0.001000s ]
INFO: [ view_filter ] --END-- [ RunTime:0.003000s ]
INFO: [ app_end ] --START--
INFO: Run Behavior\ShowPageTraceBehavior [ RunTime:0.002000s ]
INFO: [ app_end ] --END-- [ RunTime:0.003000s ]

[ 2016-06-18T16:19:57+08:00 ] 127.0.0.1 /mytkp/index.php/Home/Class/reg/userName/admin/userPass/123321
INFO: [ app_init ] --START--
INFO: Run Behavior\BuildLiteBehavior [ RunTime:0.000000s ]
INFO: [ app_init ] --END-- [ RunTime:0.003000s ]
INFO: [ app_begin ] --START--
INFO: Run Behavior\ReadHtmlCacheBehavior [ RunTime:0.002000s ]
INFO: [ app_begin ] --END-- [ RunTime:0.004000s ]
SQL: SHOW COLUMNS FROM `class` [ RunTime:0.0020s ]
SQL: SELECT * FROM `class`  [ RunTime:0.0000s ]
INFO: [ view_parse ] --START--
INFO: [ template_filter ] --START--
INFO: Run Behavior\ContentReplaceBehavior [ RunTime:0.001000s ]
INFO: [ template_filter ] --END-- [ RunTime:0.003000s ]
NOTIC: [8] Use of undefined constant bb - assumed 'bb' D:\php\webapp\mytkp\Application\Runtime\Cache\Home\cd99c5d87f26ee8fde42d779325e469a.php 第 11 行.
NOTIC: [8] Use of undefined constant name - assumed 'name' D:\php\webapp\mytkp\Application\Runtime\Cache\Home\cd99c5d87f26ee8fde42d779325e469a.php 第 12 行.
NOTIC: [8] Undefined variable: key D:\php\webapp\mytkp\Application\Runtime\Cache\Home\cd99c5d87f26ee8fde42d779325e469a.php 第 38 行.
INFO: Run Behavior\ParseTemplateBehavior [ RunTime:0.212012s ]
INFO: [ view_parse ] --END-- [ RunTime:0.214012s ]
INFO: [ view_filter ] --START--
INFO: Run Behavior\WriteHtmlCacheBehavior [ RunTime:0.002000s ]
INFO: [ view_filter ] --END-- [ RunTime:0.004000s ]
INFO: [ app_end ] --START--
INFO: Run Behavior\ShowPageTraceBehavior [ RunTime:0.002000s ]
INFO: [ app_end ] --END-- [ RunTime:0.004000s ]

[ 2016-06-18T16:20:07+08:00 ] 127.0.0.1 /mytkp/index.php/Home/Class/reg/userName/admin/userPass/123321
INFO: [ app_init ] --START--
INFO: Run Behavior\BuildLiteBehavior [ RunTime:0.001000s ]
INFO: [ app_init ] --END-- [ RunTime:0.003000s ]
INFO: [ app_begin ] --START--
INFO: Run Behavior\ReadHtmlCacheBehavior [ RunTime:0.002000s ]
INFO: [ app_begin ] --END-- [ RunTime:0.003000s ]
SQL: SHOW COLUMNS FROM `class` [ RunTime:0.0020s ]
SQL: SELECT * FROM `class`  [ RunTime:0.0010s ]
INFO: [ view_parse ] --START--
INFO: [ template_filter ] --START--
INFO: Run Behavior\ContentReplaceBehavior [ RunTime:0.001000s ]
INFO: [ template_filter ] --END-- [ RunTime:0.003000s ]
NOTIC: [8] Use of undefined constant bb - assumed 'bb' D:\php\webapp\mytkp\Application\Runtime\Cache\Home\cd99c5d87f26ee8fde42d779325e469a.php 第 11 行.
NOTIC: [8] Use of undefined constant name - assumed 'name' D:\php\webapp\mytkp\Application\Runtime\Cache\Home\cd99c5d87f26ee8fde42d779325e469a.php 第 12 行.
NOTIC: [8] Undefined variable: key D:\php\webapp\mytkp\Application\Runtime\Cache\Home\cd99c5d87f26ee8fde42d779325e469a.php 第 38 行.
INFO: Run Behavior\ParseTemplateBehavior [ RunTime:0.212012s ]
INFO: [ view_parse ] --END-- [ RunTime:0.214012s ]
INFO: [ view_filter ] --START--
INFO: Run Behavior\WriteHtmlCacheBehavior [ RunTime:0.001000s ]
INFO: [ view_filter ] --END-- [ RunTime:0.003000s ]
INFO: [ app_end ] --START--
INFO: Run Behavior\ShowPageTraceBehavior [ RunTime:0.001000s ]
INFO: [ app_end ] --END-- [ RunTime:0.003000s ]

[ 2016-06-18T16:20:24+08:00 ] 127.0.0.1 /mytkp/index.php/Home/Class/reg/userName/admin/userPass/123321
INFO: [ app_init ] --START--
INFO: Run Behavior\BuildLiteBehavior [ RunTime:0.001000s ]
INFO: [ app_init ] --END-- [ RunTime:0.003000s ]
INFO: [ app_begin ] --START--
INFO: Run Behavior\ReadHtmlCacheBehavior [ RunTime:0.001000s ]
INFO: [ app_begin ] --END-- [ RunTime:0.003000s ]
SQL: SHOW COLUMNS FROM `class` [ RunTime:0.0020s ]
SQL: SELECT * FROM `class`  [ RunTime:0.0010s ]
INFO: [ view_parse ] --START--
NOTIC: [2] simplexml_load_string(): Entity: line 1: parser error : Unescaped '&lt;' not allowed in attributes values D:\php\webapp\mytkp\ThinkPHP\Library\Think\Template\TagLib.class.php 第 80 行.
NOTIC: [2] simplexml_load_string(): &lt;tpl&gt;&lt;tag condition=&quot;$j &lt; 6&quot; /&gt;&lt;/tpl&gt; D:\php\webapp\mytkp\ThinkPHP\Library\Think\Template\TagLib.class.php 第 80 行.
NOTIC: [2] simplexml_load_string():                         ^ D:\php\webapp\mytkp\ThinkPHP\Library\Think\Template\TagLib.class.php 第 80 行.
NOTIC: [2] simplexml_load_string(): Entity: line 1: parser error : attributes construct error D:\php\webapp\mytkp\ThinkPHP\Library\Think\Template\TagLib.class.php 第 80 行.
NOTIC: [2] simplexml_load_string(): &lt;tpl&gt;&lt;tag condition=&quot;$j &lt; 6&quot; /&gt;&lt;/tpl&gt; D:\php\webapp\mytkp\ThinkPHP\Library\Think\Template\TagLib.class.php 第 80 行.
NOTIC: [2] simplexml_load_string():                         ^ D:\php\webapp\mytkp\ThinkPHP\Library\Think\Template\TagLib.class.php 第 80 行.
NOTIC: [2] simplexml_load_string(): Entity: line 1: parser error : Couldn't find end of Start Tag tag line 1 D:\php\webapp\mytkp\ThinkPHP\Library\Think\Template\TagLib.class.php 第 80 行.
NOTIC: [2] simplexml_load_string(): &lt;tpl&gt;&lt;tag condition=&quot;$j &lt; 6&quot; /&gt;&lt;/tpl&gt; D:\php\webapp\mytkp\ThinkPHP\Library\Think\Template\TagLib.class.php 第 80 行.
NOTIC: [2] simplexml_load_string():                         ^ D:\php\webapp\mytkp\ThinkPHP\Library\Think\Template\TagLib.class.php 第 80 行.
NOTIC: [2] simplexml_load_string(): Entity: line 1: parser error : StartTag: invalid element name D:\php\webapp\mytkp\ThinkPHP\Library\Think\Template\TagLib.class.php 第 80 行.
NOTIC: [2] simplexml_load_string(): &lt;tpl&gt;&lt;tag condition=&quot;$j &lt; 6&quot; /&gt;&lt;/tpl&gt; D:\php\webapp\mytkp\ThinkPHP\Library\Think\Template\TagLib.class.php 第 80 行.
NOTIC: [2] simplexml_load_string():                          ^ D:\php\webapp\mytkp\ThinkPHP\Library\Think\Template\TagLib.class.php 第 80 行.
ERR: XML标签语法错误 : condition="$j < 6"

[ 2016-06-18T16:23:23+08:00 ] 127.0.0.1 /mytkp/index.php/Home/Class/reg/userName/admin/userPass/123321
INFO: [ app_init ] --START--
INFO: Run Behavior\BuildLiteBehavior [ RunTime:0.001000s ]
INFO: [ app_init ] --END-- [ RunTime:0.003000s ]
INFO: [ app_begin ] --START--
INFO: Run Behavior\ReadHtmlCacheBehavior [ RunTime:0.001000s ]
INFO: [ app_begin ] --END-- [ RunTime:0.004000s ]
SQL: SHOW COLUMNS FROM `class` [ RunTime:0.0020s ]
SQL: SELECT * FROM `class`  [ RunTime:0.0000s ]
INFO: [ view_parse ] --START--
INFO: [ template_filter ] --START--
INFO: Run Behavior\ContentReplaceBehavior [ RunTime:0.001000s ]
INFO: [ template_filter ] --END-- [ RunTime:0.003000s ]
NOTIC: [8] Use of undefined constant bb - assumed 'bb' D:\php\webapp\mytkp\Application\Runtime\Cache\Home\cd99c5d87f26ee8fde42d779325e469a.php 第 11 行.
NOTIC: [8] Use of undefined constant name - assumed 'name' D:\php\webapp\mytkp\Application\Runtime\Cache\Home\cd99c5d87f26ee8fde42d779325e469a.php 第 12 行.
NOTIC: [8] Undefined variable: key D:\php\webapp\mytkp\Application\Runtime\Cache\Home\cd99c5d87f26ee8fde42d779325e469a.php 第 38 行.
INFO: Run Behavior\ParseTemplateBehavior [ RunTime:0.212012s ]
INFO: [ view_parse ] --END-- [ RunTime:0.214012s ]
INFO: [ view_filter ] --START--
INFO: Run Behavior\WriteHtmlCacheBehavior [ RunTime:0.002000s ]
INFO: [ view_filter ] --END-- [ RunTime:0.004000s ]
INFO: [ app_end ] --START--
INFO: Run Behavior\ShowPageTraceBehavior [ RunTime:0.002000s ]
INFO: [ app_end ] --END-- [ RunTime:0.004000s ]

[ 2016-06-18T16:24:08+08:00 ] 127.0.0.1 /mytkp/index.php/Home/Class/reg/userName/admin/userPass/123321
INFO: [ app_init ] --START--
INFO: Run Behavior\BuildLiteBehavior [ RunTime:0.001000s ]
INFO: [ app_init ] --END-- [ RunTime:0.003001s ]
INFO: [ app_begin ] --START--
INFO: Run Behavior\ReadHtmlCacheBehavior [ RunTime:0.002000s ]
INFO: [ app_begin ] --END-- [ RunTime:0.004000s ]
SQL: SHOW COLUMNS FROM `class` [ RunTime:0.0030s ]
SQL: SELECT * FROM `class`  [ RunTime:0.0010s ]
INFO: [ view_parse ] --START--
INFO: [ template_filter ] --START--
INFO: Run Behavior\ContentReplaceBehavior [ RunTime:0.001000s ]
INFO: [ template_filter ] --END-- [ RunTime:0.003000s ]
NOTIC: [8] Use of undefined constant bb - assumed 'bb' D:\php\webapp\mytkp\Application\Runtime\Cache\Home\cd99c5d87f26ee8fde42d779325e469a.php 第 11 行.
NOTIC: [8] Use of undefined constant name - assumed 'name' D:\php\webapp\mytkp\Application\Runtime\Cache\Home\cd99c5d87f26ee8fde42d779325e469a.php 第 12 行.
NOTIC: [8] Undefined variable: key D:\php\webapp\mytkp\Application\Runtime\Cache\Home\cd99c5d87f26ee8fde42d779325e469a.php 第 38 行.
INFO: Run Behavior\ParseTemplateBehavior [ RunTime:0.214013s ]
INFO: [ view_parse ] --END-- [ RunTime:0.216013s ]
INFO: [ view_filter ] --START--
INFO: Run Behavior\WriteHtmlCacheBehavior [ RunTime:0.001000s ]
INFO: [ view_filter ] --END-- [ RunTime:0.004000s ]
INFO: [ app_end ] --START--
INFO: Run Behavior\ShowPageTraceBehavior [ RunTime:0.001000s ]
INFO: [ app_end ] --END-- [ RunTime:0.003000s ]

[ 2016-06-18T16:27:01+08:00 ] 127.0.0.1 /mytkp/index.php/Home/Class/reg/userName/admin/userPass/123321
INFO: [ app_init ] --START--
INFO: Run Behavior\BuildLiteBehavior [ RunTime:0.001000s ]
INFO: [ app_init ] --END-- [ RunTime:0.003000s ]
INFO: [ app_begin ] --START--
INFO: Run Behavior\ReadHtmlCacheBehavior [ RunTime:0.002000s ]
INFO: [ app_begin ] --END-- [ RunTime:0.004001s ]
SQL: SHOW COLUMNS FROM `class` [ RunTime:0.0020s ]
SQL: SELECT * FROM `class`  [ RunTime:0.0000s ]
INFO: [ view_parse ] --START--
INFO: [ template_filter ] --START--
INFO: Run Behavior\ContentReplaceBehavior [ RunTime:0.001000s ]
INFO: [ template_filter ] --END-- [ RunTime:0.003000s ]
NOTIC: [8] Use of undefined constant bb - assumed 'bb' D:\php\webapp\mytkp\Application\Runtime\Cache\Home\cd99c5d87f26ee8fde42d779325e469a.php 第 11 行.
NOTIC: [8] Use of undefined constant name - assumed 'name' D:\php\webapp\mytkp\Application\Runtime\Cache\Home\cd99c5d87f26ee8fde42d779325e469a.php 第 12 行.
NOTIC: [8] Undefined variable: key D:\php\webapp\mytkp\Application\Runtime\Cache\Home\cd99c5d87f26ee8fde42d779325e469a.php 第 38 行.
INFO: Run Behavior\ParseTemplateBehavior [ RunTime:0.215012s ]
INFO: [ view_parse ] --END-- [ RunTime:0.217012s ]
INFO: [ view_filter ] --START--
INFO: Run Behavior\WriteHtmlCacheBehavior [ RunTime:0.001000s ]
INFO: [ view_filter ] --END-- [ RunTime:0.003000s ]
INFO: [ app_end ] --START--
INFO: Run Behavior\ShowPageTraceBehavior [ RunTime:0.002000s ]
INFO: [ app_end ] --END-- [ RunTime:0.003000s ]

[ 2016-06-18T16:29:38+08:00 ] 127.0.0.1 /mytkp/index.php/Home/Class/reg/userName/admin/userPass/123321
INFO: [ app_init ] --START--
INFO: Run Behavior\BuildLiteBehavior [ RunTime:0.001000s ]
INFO: [ app_init ] --END-- [ RunTime:0.003000s ]
INFO: [ app_begin ] --START--
INFO: Run Behavior\ReadHtmlCacheBehavior [ RunTime:0.002000s ]
INFO: [ app_begin ] --END-- [ RunTime:0.004001s ]
SQL: SHOW COLUMNS FROM `class` [ RunTime:0.0020s ]
SQL: SELECT * FROM `class`  [ RunTime:0.0000s ]
INFO: [ view_parse ] --START--
INFO: [ template_filter ] --START--
INFO: Run Behavior\ContentReplaceBehavior [ RunTime:0.001000s ]
INFO: [ template_filter ] --END-- [ RunTime:0.003000s ]
NOTIC: [8] Use of undefined constant bb - assumed 'bb' D:\php\webapp\mytkp\Application\Runtime\Cache\Home\cd99c5d87f26ee8fde42d779325e469a.php 第 11 行.
NOTIC: [8] Use of undefined constant name - assumed 'name' D:\php\webapp\mytkp\Application\Runtime\Cache\Home\cd99c5d87f26ee8fde42d779325e469a.php 第 12 行.
NOTIC: [8] Undefined variable: key D:\php\webapp\mytkp\Application\Runtime\Cache\Home\cd99c5d87f26ee8fde42d779325e469a.php 第 38 行.
INFO: Run Behavior\ParseTemplateBehavior [ RunTime:0.222013s ]
INFO: [ view_parse ] --END-- [ RunTime:0.224013s ]
INFO: [ view_filter ] --START--
INFO: Run Behavior\WriteHtmlCacheBehavior [ RunTime:0.001000s ]
INFO: [ view_filter ] --END-- [ RunTime:0.004000s ]
INFO: [ app_end ] --START--
INFO: Run Behavior\ShowPageTraceBehavior [ RunTime:0.002000s ]
INFO: [ app_end ] --END-- [ RunTime:0.004001s ]

[ 2016-06-18T16:30:08+08:00 ] 127.0.0.1 /mytkp/index.php/Home/Class/reg/userName/admin/userPass/123321
INFO: [ app_init ] --START--
INFO: Run Behavior\BuildLiteBehavior [ RunTime:0.000000s ]
INFO: [ app_init ] --END-- [ RunTime:0.003000s ]
INFO: [ app_begin ] --START--
INFO: Run Behavior\ReadHtmlCacheBehavior [ RunTime:0.002000s ]
INFO: [ app_begin ] --END-- [ RunTime:0.004000s ]
SQL: SHOW COLUMNS FROM `class` [ RunTime:0.0020s ]
SQL: SELECT * FROM `class`  [ RunTime:0.0000s ]
INFO: [ view_parse ] --START--
INFO: [ template_filter ] --START--
INFO: Run Behavior\ContentReplaceBehavior [ RunTime:0.001000s ]
INFO: [ template_filter ] --END-- [ RunTime:0.003000s ]
NOTIC: [8] Use of undefined constant bb - assumed 'bb' D:\php\webapp\mytkp\Application\Runtime\Cache\Home\cd99c5d87f26ee8fde42d779325e469a.php 第 11 行.
NOTIC: [8] Use of undefined constant name - assumed 'name' D:\php\webapp\mytkp\Application\Runtime\Cache\Home\cd99c5d87f26ee8fde42d779325e469a.php 第 12 行.
NOTIC: [8] Undefined variable: key D:\php\webapp\mytkp\Application\Runtime\Cache\Home\cd99c5d87f26ee8fde42d779325e469a.php 第 38 行.
INFO: Run Behavior\ParseTemplateBehavior [ RunTime:0.225013s ]
INFO: [ view_parse ] --END-- [ RunTime:0.227013s ]
INFO: [ view_filter ] --START--
INFO: Run Behavior\WriteHtmlCacheBehavior [ RunTime:0.001000s ]
INFO: [ view_filter ] --END-- [ RunTime:0.003000s ]
INFO: [ app_end ] --START--
INFO: Run Behavior\ShowPageTraceBehavior [ RunTime:0.001000s ]
INFO: [ app_end ] --END-- [ RunTime:0.003000s ]

[ 2016-06-18T16:32:19+08:00 ] 127.0.0.1 /mytkp/index.php/Home/Class/reg/userName/admin/userPass/123321
INFO: [ app_init ] --START--
INFO: Run Behavior\BuildLiteBehavior [ RunTime:0.000000s ]
INFO: [ app_init ] --END-- [ RunTime:0.003000s ]
INFO: [ app_begin ] --START--
INFO: Run Behavior\ReadHtmlCacheBehavior [ RunTime:0.002000s ]
INFO: [ app_begin ] --END-- [ RunTime:0.004000s ]
SQL: SHOW COLUMNS FROM `class` [ RunTime:0.0020s ]
SQL: SELECT * FROM `class`  [ RunTime:0.0010s ]
INFO: [ view_parse ] --START--
INFO: [ template_filter ] --START--
INFO: Run Behavior\ContentReplaceBehavior [ RunTime:0.001000s ]
INFO: [ template_filter ] --END-- [ RunTime:0.003000s ]
NOTIC: [8] Use of undefined constant bb - assumed 'bb' D:\php\webapp\mytkp\Application\Runtime\Cache\Home\cd99c5d87f26ee8fde42d779325e469a.php 第 11 行.
NOTIC: [8] Use of undefined constant name - assumed 'name' D:\php\webapp\mytkp\Application\Runtime\Cache\Home\cd99c5d87f26ee8fde42d779325e469a.php 第 12 行.
NOTIC: [8] Undefined variable: key D:\php\webapp\mytkp\Application\Runtime\Cache\Home\cd99c5d87f26ee8fde42d779325e469a.php 第 38 行.
INFO: Run Behavior\ParseTemplateBehavior [ RunTime:0.238014s ]
INFO: [ view_parse ] --END-- [ RunTime:0.240014s ]
INFO: [ view_filter ] --START--
INFO: Run Behavior\WriteHtmlCacheBehavior [ RunTime:0.001000s ]
INFO: [ view_filter ] --END-- [ RunTime:0.003000s ]
INFO: [ app_end ] --START--
INFO: Run Behavior\ShowPageTraceBehavior [ RunTime:0.001000s ]
INFO: [ app_end ] --END-- [ RunTime:0.003000s ]

[ 2016-06-18T16:35:25+08:00 ] 127.0.0.1 /mytkp/index.php/Home/Class/reg/userName/admin/userPass/123321
INFO: [ app_init ] --START--
INFO: Run Behavior\BuildLiteBehavior [ RunTime:0.000000s ]
INFO: [ app_init ] --END-- [ RunTime:0.003000s ]
INFO: [ app_begin ] --START--
INFO: Run Behavior\ReadHtmlCacheBehavior [ RunTime:0.002000s ]
INFO: [ app_begin ] --END-- [ RunTime:0.004000s ]
SQL: SHOW COLUMNS FROM `class` [ RunTime:0.0020s ]
SQL: SELECT * FROM `class`  [ RunTime:0.0000s ]
INFO: [ view_parse ] --START--
INFO: [ template_filter ] --START--
INFO: Run Behavior\ContentReplaceBehavior [ RunTime:0.001000s ]
INFO: [ template_filter ] --END-- [ RunTime:0.003000s ]
NOTIC: [8] Use of undefined constant bb - assumed 'bb' D:\php\webapp\mytkp\Application\Runtime\Cache\Home\cd99c5d87f26ee8fde42d779325e469a.php 第 11 行.
NOTIC: [8] Use of undefined constant name - assumed 'name' D:\php\webapp\mytkp\Application\Runtime\Cache\Home\cd99c5d87f26ee8fde42d779325e469a.php 第 12 行.
NOTIC: [8] Undefined variable: key D:\php\webapp\mytkp\Application\Runtime\Cache\Home\cd99c5d87f26ee8fde42d779325e469a.php 第 38 行.
NOTIC: [8] Undefined variable: 1 D:\php\webapp\mytkp\Application\Runtime\Cache\Home\cd99c5d87f26ee8fde42d779325e469a.php 第 77 行.
NOTIC: [8] Undefined variable: 1 D:\php\webapp\mytkp\Application\Runtime\Cache\Home\cd99c5d87f26ee8fde42d779325e469a.php 第 78 行.
NOTIC: [8] Undefined variable: 1 D:\php\webapp\mytkp\Application\Runtime\Cache\Home\cd99c5d87f26ee8fde42d779325e469a.php 第 79 行.
NOTIC: [8] Undefined variable: 1 D:\php\webapp\mytkp\Application\Runtime\Cache\Home\cd99c5d87f26ee8fde42d779325e469a.php 第 80 行.
NOTIC: [8] Undefined variable: 1 D:\php\webapp\mytkp\Application\Runtime\Cache\Home\cd99c5d87f26ee8fde42d779325e469a.php 第 100 行.
NOTIC: [8] Undefined variable: 1 D:\php\webapp\mytkp\Application\Runtime\Cache\Home\cd99c5d87f26ee8fde42d779325e469a.php 第 101 行.
NOTIC: [8] Undefined variable: 1 D:\php\webapp\mytkp\Application\Runtime\Cache\Home\cd99c5d87f26ee8fde42d779325e469a.php 第 102 行.
NOTIC: [8] Undefined variable: 1 D:\php\webapp\mytkp\Application\Runtime\Cache\Home\cd99c5d87f26ee8fde42d779325e469a.php 第 103 行.
NOTIC: [8] Undefined variable: 1 D:\php\webapp\mytkp\Application\Runtime\Cache\Home\cd99c5d87f26ee8fde42d779325e469a.php 第 77 行.
NOTIC: [8] Undefined variable: 1 D:\php\webapp\mytkp\Application\Runtime\Cache\Home\cd99c5d87f26ee8fde42d779325e469a.php 第 78 行.
NOTIC: [8] Undefined variable: 1 D:\php\webapp\mytkp\Application\Runtime\Cache\Home\cd99c5d87f26ee8fde42d779325e469a.php 第 79 行.
NOTIC: [8] Undefined variable: 1 D:\php\webapp\mytkp\Application\Runtime\Cache\Home\cd99c5d87f26ee8fde42d779325e469a.php 第 80 行.
INFO: Run Behavior\ParseTemplateBehavior [ RunTime:0.262015s ]
INFO: [ view_parse ] --END-- [ RunTime:0.264015s ]
INFO: [ view_filter ] --START--
INFO: Run Behavior\WriteHtmlCacheBehavior [ RunTime:0.002000s ]
INFO: [ view_filter ] --END-- [ RunTime:0.004000s ]
INFO: [ app_end ] --START--
INFO: Run Behavior\ShowPageTraceBehavior [ RunTime:0.002001s ]
INFO: [ app_end ] --END-- [ RunTime:0.004001s ]

[ 2016-06-18T16:35:56+08:00 ] 127.0.0.1 /mytkp/index.php/Home/Class/reg/userName/admin/userPass/123321
INFO: [ app_init ] --START--
INFO: Run Behavior\BuildLiteBehavior [ RunTime:0.001000s ]
INFO: [ app_init ] --END-- [ RunTime:0.003000s ]
INFO: [ app_begin ] --START--
INFO: Run Behavior\ReadHtmlCacheBehavior [ RunTime:0.001000s ]
INFO: [ app_begin ] --END-- [ RunTime:0.003000s ]
SQL: SHOW COLUMNS FROM `class` [ RunTime:0.0020s ]
SQL: SELECT * FROM `class`  [ RunTime:0.0000s ]
INFO: [ view_parse ] --START--
INFO: [ template_filter ] --START--
INFO: Run Behavior\ContentReplaceBehavior [ RunTime:0.001000s ]
INFO: [ template_filter ] --END-- [ RunTime:0.003000s ]
NOTIC: [8] Use of undefined constant bb - assumed 'bb' D:\php\webapp\mytkp\Application\Runtime\Cache\Home\cd99c5d87f26ee8fde42d779325e469a.php 第 11 行.
NOTIC: [8] Use of undefined constant name - assumed 'name' D:\php\webapp\mytkp\Application\Runtime\Cache\Home\cd99c5d87f26ee8fde42d779325e469a.php 第 12 行.
NOTIC: [8] Undefined variable: key D:\php\webapp\mytkp\Application\Runtime\Cache\Home\cd99c5d87f26ee8fde42d779325e469a.php 第 38 行.
INFO: Run Behavior\ParseTemplateBehavior [ RunTime:0.252015s ]
INFO: [ view_parse ] --END-- [ RunTime:0.254015s ]
INFO: [ view_filter ] --START--
INFO: Run Behavior\WriteHtmlCacheBehavior [ RunTime:0.002000s ]
INFO: [ view_filter ] --END-- [ RunTime:0.004000s ]
INFO: [ app_end ] --START--
INFO: Run Behavior\ShowPageTraceBehavior [ RunTime:0.002000s ]
INFO: [ app_end ] --END-- [ RunTime:0.004000s ]

[ 2016-06-18T17:01:47+08:00 ] 127.0.0.1 /mytkp/index.php/Home/Class/reg/userName/admin/userPass/123321
INFO: [ app_init ] --START--
INFO: Run Behavior\BuildLiteBehavior [ RunTime:0.000000s ]
INFO: [ app_init ] --END-- [ RunTime:0.003000s ]
INFO: [ app_begin ] --START--
INFO: Run Behavior\ReadHtmlCacheBehavior [ RunTime:0.001001s ]
INFO: [ app_begin ] --END-- [ RunTime:0.004001s ]
SQL: SHOW COLUMNS FROM `class` [ RunTime:0.0020s ]
SQL: SELECT * FROM `class`  [ RunTime:0.0010s ]
INFO: [ view_parse ] --START--
INFO: [ template_filter ] --START--
INFO: Run Behavior\ContentReplaceBehavior [ RunTime:0.001000s ]
INFO: [ template_filter ] --END-- [ RunTime:0.003000s ]
NOTIC: [8] Use of undefined constant bb - assumed 'bb' D:\php\webapp\mytkp\Application\Runtime\Cache\Home\cd99c5d87f26ee8fde42d779325e469a.php 第 11 行.
NOTIC: [8] Use of undefined constant name - assumed 'name' D:\php\webapp\mytkp\Application\Runtime\Cache\Home\cd99c5d87f26ee8fde42d779325e469a.php 第 12 行.
NOTIC: [8] Undefined variable: key D:\php\webapp\mytkp\Application\Runtime\Cache\Home\cd99c5d87f26ee8fde42d779325e469a.php 第 38 行.
INFO: Run Behavior\ParseTemplateBehavior [ RunTime:0.253014s ]
INFO: [ view_parse ] --END-- [ RunTime:0.255014s ]
INFO: [ view_filter ] --START--
INFO: Run Behavior\WriteHtmlCacheBehavior [ RunTime:0.002001s ]
INFO: [ view_filter ] --END-- [ RunTime:0.004001s ]
INFO: [ app_end ] --START--
INFO: Run Behavior\ShowPageTraceBehavior [ RunTime:0.002000s ]
INFO: [ app_end ] --END-- [ RunTime:0.004000s ]

[ 2016-06-18T17:07:05+08:00 ] 127.0.0.1 /mytkp/index.php/Home/Class/reg/userName/admin/userPass/123321
INFO: [ app_init ] --START--
INFO: Run Behavior\BuildLiteBehavior [ RunTime:0.000000s ]
INFO: [ app_init ] --END-- [ RunTime:0.003000s ]
INFO: [ app_begin ] --START--
INFO: Run Behavior\ReadHtmlCacheBehavior [ RunTime:0.001000s ]
INFO: [ app_begin ] --END-- [ RunTime:0.003000s ]
SQL: SHOW COLUMNS FROM `class` [ RunTime:0.0020s ]
SQL: SELECT * FROM `class`  [ RunTime:0.0010s ]
INFO: [ view_parse ] --START--
INFO: [ template_filter ] --START--
INFO: Run Behavior\ContentReplaceBehavior [ RunTime:0.001000s ]
INFO: [ template_filter ] --END-- [ RunTime:0.003000s ]
NOTIC: [8] Use of undefined constant bb - assumed 'bb' D:\php\webapp\mytkp\Application\Runtime\Cache\Home\cd99c5d87f26ee8fde42d779325e469a.php 第 11 行.
NOTIC: [8] Use of undefined constant name - assumed 'name' D:\php\webapp\mytkp\Application\Runtime\Cache\Home\cd99c5d87f26ee8fde42d779325e469a.php 第 12 行.
NOTIC: [8] Undefined variable: key D:\php\webapp\mytkp\Application\Runtime\Cache\Home\cd99c5d87f26ee8fde42d779325e469a.php 第 38 行.
INFO: Run Behavior\ParseTemplateBehavior [ RunTime:0.254014s ]
INFO: [ view_parse ] --END-- [ RunTime:0.256014s ]
INFO: [ view_filter ] --START--
INFO: Run Behavior\WriteHtmlCacheBehavior [ RunTime:0.002000s ]
INFO: [ view_filter ] --END-- [ RunTime:0.004000s ]
INFO: [ app_end ] --START--
INFO: Run Behavior\ShowPageTraceBehavior [ RunTime:0.002000s ]
INFO: [ app_end ] --END-- [ RunTime:0.004000s ]

