[ 2016-06-12T09:53:29+08:00 ] 127.0.0.1 /mytkp/index.php/User/test
INFO: [ app_init ] --START--
INFO: Run Behavior\BuildLiteBehavior [ RunTime:0.000000s ]
INFO: [ app_init ] --END-- [ RunTime:0.015600s ]
ERR: 无法加载模块:User

[ 2016-06-12T09:53:29+08:00 ] 127.0.0.1 /mytkp/index.php/User/test
INFO: [ app_init ] --START--
INFO: Run Behavior\BuildLiteBehavior [ RunTime:0.000000s ]
INFO: [ app_init ] --END-- [ RunTime:0.015600s ]
ERR: 无法加载模块:User

[ 2016-06-12T11:02:53+08:00 ] 127.0.0.1 /mytkp/index.php/Application/Home/view/index.php
INFO: [ app_init ] --START--
INFO: Run Behavior\BuildLiteBehavior [ RunTime:0.001000s ]
INFO: [ app_init ] --END-- [ RunTime:0.003000s ]
ERR: 无法加载模块:Application

[ 2016-06-12T11:02:53+08:00 ] 127.0.0.1 /mytkp/index.php/Application/Home/view/index.php
INFO: [ app_init ] --START--
INFO: Run Behavior\BuildLiteBehavior [ RunTime:0.000000s ]
INFO: [ app_init ] --END-- [ RunTime:0.003001s ]
ERR: 无法加载模块:Application

