[ 2016-06-13T10:03:44+08:00 ] 127.0.0.1 /mytkp/index.php/User/login
INFO: [ app_init ] --START--
INFO: Run Behavior\BuildLiteBehavior [ RunTime:0.000000s ]
INFO: [ app_init ] --END-- [ RunTime:0.000000s ]
ERR: 无法加载模块:User

[ 2016-06-13T10:13:32+08:00 ] 127.0.0.1 /mytkp/index.php/User/login
INFO: [ app_init ] --START--
INFO: Run Behavior\BuildLiteBehavior [ RunTime:0.000000s ]
INFO: [ app_init ] --END-- [ RunTime:0.000000s ]
ERR: 无法加载模块:User

[ 2016-06-13T14:51:22+08:00 ] 127.0.0.1 /mytkp/index.php/ttt/admin/111222
INFO: [ app_init ] --START--
INFO: Run Behavior\BuildLiteBehavior [ RunTime:0.000000s ]
INFO: [ app_init ] --END-- [ RunTime:0.015600s ]
ERR: 无法加载模块:Admin

[ 2016-06-13T14:52:23+08:00 ] 127.0.0.1 /mytkp/index.php/ttt/admin/111222
INFO: [ app_init ] --START--
INFO: Run Behavior\BuildLiteBehavior [ RunTime:0.000000s ]
INFO: [ app_init ] --END-- [ RunTime:0.000000s ]

[ 2016-06-13T14:58:53+08:00 ] 127.0.0.1 /mytkp/index.php/aaa
INFO: [ app_init ] --START--
INFO: Run Behavior\BuildLiteBehavior [ RunTime:0.000000s ]
INFO: [ app_init ] --END-- [ RunTime:0.003000s ]

[ 2016-06-13T15:16:41+08:00 ] 127.0.0.1 /mytkp/index.php/ttt/admin/111222
INFO: [ app_init ] --START--
INFO: Run Behavior\BuildLiteBehavior [ RunTime:0.000000s ]
INFO: [ app_init ] --END-- [ RunTime:0.000000s ]
ERR: 无法加载模块:Ttt

[ 2016-06-13T15:16:46+08:00 ] 127.0.0.1 /mytkp/index.php/ttt/admin/111222
INFO: [ app_init ] --START--
INFO: Run Behavior\BuildLiteBehavior [ RunTime:0.000000s ]
INFO: [ app_init ] --END-- [ RunTime:0.010000s ]
ERR: 无法加载模块:Ttt

[ 2016-06-13T15:16:49+08:00 ] 127.0.0.1 /mytkp/index.php/ttt/admin/111222
INFO: [ app_init ] --START--
INFO: Run Behavior\BuildLiteBehavior [ RunTime:0.000000s ]
INFO: [ app_init ] --END-- [ RunTime:0.010000s ]
ERR: 无法加载模块:Ttt

[ 2016-06-13T15:16:49+08:00 ] 127.0.0.1 /mytkp/index.php/ttt/admin/111222
INFO: [ app_init ] --START--
INFO: Run Behavior\BuildLiteBehavior [ RunTime:0.000000s ]
INFO: [ app_init ] --END-- [ RunTime:0.000000s ]
ERR: 无法加载模块:Ttt

[ 2016-06-13T15:16:50+08:00 ] 127.0.0.1 /mytkp/index.php/ttt/admin/111222
INFO: [ app_init ] --START--
INFO: Run Behavior\BuildLiteBehavior [ RunTime:0.000000s ]
INFO: [ app_init ] --END-- [ RunTime:0.000000s ]
ERR: 无法加载模块:Ttt

[ 2016-06-13T15:16:52+08:00 ] 127.0.0.1 /mytkp/index.php/ttt/admin/111222
INFO: [ app_init ] --START--
INFO: Run Behavior\BuildLiteBehavior [ RunTime:0.000000s ]
INFO: [ app_init ] --END-- [ RunTime:0.000000s ]
ERR: 无法加载模块:Ttt

[ 2016-06-13T15:17:05+08:00 ] 127.0.0.1 /mytkp/index.php/ttt/admin/111222
INFO: [ app_init ] --START--
INFO: Run Behavior\BuildLiteBehavior [ RunTime:0.000000s ]
INFO: [ app_init ] --END-- [ RunTime:0.000000s ]
ERR: 无法加载模块:Ttt

[ 2016-06-13T15:17:07+08:00 ] 127.0.0.1 /mytkp/index.php/ttt/admin/111222
INFO: [ app_init ] --START--
INFO: Run Behavior\BuildLiteBehavior [ RunTime:0.000000s ]
INFO: [ app_init ] --END-- [ RunTime:0.010000s ]
ERR: 无法加载模块:Ttt

[ 2016-06-13T15:17:17+08:00 ] 127.0.0.1 /mytkp/index.php/ttt
INFO: [ app_init ] --START--
INFO: Run Behavior\BuildLiteBehavior [ RunTime:0.000000s ]
INFO: [ app_init ] --END-- [ RunTime:0.010000s ]
ERR: 无法加载模块:Ttt

[ 2016-06-13T15:17:21+08:00 ] 127.0.0.1 /mytkp/index.php/ttt
INFO: [ app_init ] --START--
INFO: Run Behavior\BuildLiteBehavior [ RunTime:0.000000s ]
INFO: [ app_init ] --END-- [ RunTime:0.000000s ]
ERR: 无法加载模块:Ttt

[ 2016-06-13T15:17:21+08:00 ] 127.0.0.1 /mytkp/index.php/ttt
INFO: [ app_init ] --START--
INFO: Run Behavior\BuildLiteBehavior [ RunTime:0.000000s ]
INFO: [ app_init ] --END-- [ RunTime:0.010000s ]
ERR: 无法加载模块:Ttt

[ 2016-06-13T15:17:21+08:00 ] 127.0.0.1 /mytkp/index.php/ttt
INFO: [ app_init ] --START--
INFO: Run Behavior\BuildLiteBehavior [ RunTime:0.000000s ]
INFO: [ app_init ] --END-- [ RunTime:0.010000s ]
ERR: 无法加载模块:Ttt

[ 2016-06-13T15:17:21+08:00 ] 127.0.0.1 /mytkp/index.php/ttt
INFO: [ app_init ] --START--
INFO: Run Behavior\BuildLiteBehavior [ RunTime:0.000000s ]
INFO: [ app_init ] --END-- [ RunTime:0.000000s ]
ERR: 无法加载模块:Ttt

[ 2016-06-13T15:17:22+08:00 ] 127.0.0.1 /mytkp/index.php/ttt
INFO: [ app_init ] --START--
INFO: Run Behavior\BuildLiteBehavior [ RunTime:0.010000s ]
INFO: [ app_init ] --END-- [ RunTime:0.010000s ]
ERR: 无法加载模块:Ttt

[ 2016-06-13T15:17:22+08:00 ] 127.0.0.1 /mytkp/index.php/ttt
INFO: [ app_init ] --START--
INFO: Run Behavior\BuildLiteBehavior [ RunTime:0.000000s ]
INFO: [ app_init ] --END-- [ RunTime:0.000000s ]
ERR: 无法加载模块:Ttt

[ 2016-06-13T15:17:22+08:00 ] 127.0.0.1 /mytkp/index.php/ttt
INFO: [ app_init ] --START--
INFO: Run Behavior\BuildLiteBehavior [ RunTime:0.000000s ]
INFO: [ app_init ] --END-- [ RunTime:0.000000s ]
ERR: 无法加载模块:Ttt

[ 2016-06-13T15:17:22+08:00 ] 127.0.0.1 /mytkp/index.php/ttt
INFO: [ app_init ] --START--
INFO: Run Behavior\BuildLiteBehavior [ RunTime:0.000000s ]
INFO: [ app_init ] --END-- [ RunTime:0.000000s ]
ERR: 无法加载模块:Ttt

[ 2016-06-13T15:17:22+08:00 ] 127.0.0.1 /mytkp/index.php/ttt
INFO: [ app_init ] --START--
INFO: Run Behavior\BuildLiteBehavior [ RunTime:0.000000s ]
INFO: [ app_init ] --END-- [ RunTime:0.010000s ]
ERR: 无法加载模块:Ttt

[ 2016-06-13T15:17:22+08:00 ] 127.0.0.1 /mytkp/index.php/ttt
INFO: [ app_init ] --START--
INFO: Run Behavior\BuildLiteBehavior [ RunTime:0.000000s ]
INFO: [ app_init ] --END-- [ RunTime:0.000000s ]
ERR: 无法加载模块:Ttt

[ 2016-06-13T15:17:23+08:00 ] 127.0.0.1 /mytkp/index.php/ttt
INFO: [ app_init ] --START--
INFO: Run Behavior\BuildLiteBehavior [ RunTime:0.000000s ]
INFO: [ app_init ] --END-- [ RunTime:0.010000s ]
ERR: 无法加载模块:Ttt

[ 2016-06-13T15:17:23+08:00 ] 127.0.0.1 /mytkp/index.php/ttt
INFO: [ app_init ] --START--
INFO: Run Behavior\BuildLiteBehavior [ RunTime:0.000000s ]
INFO: [ app_init ] --END-- [ RunTime:0.000000s ]
ERR: 无法加载模块:Ttt

[ 2016-06-13T15:17:23+08:00 ] 127.0.0.1 /mytkp/index.php/ttt
INFO: [ app_init ] --START--
INFO: Run Behavior\BuildLiteBehavior [ RunTime:0.000000s ]
INFO: [ app_init ] --END-- [ RunTime:0.000000s ]
ERR: 无法加载模块:Ttt

[ 2016-06-13T15:17:23+08:00 ] 127.0.0.1 /mytkp/index.php/ttt
INFO: [ app_init ] --START--
INFO: Run Behavior\BuildLiteBehavior [ RunTime:0.000000s ]
INFO: [ app_init ] --END-- [ RunTime:0.000000s ]
ERR: 无法加载模块:Ttt

[ 2016-06-13T15:17:23+08:00 ] 127.0.0.1 /mytkp/index.php/ttt
INFO: [ app_init ] --START--
INFO: Run Behavior\BuildLiteBehavior [ RunTime:0.000000s ]
INFO: [ app_init ] --END-- [ RunTime:0.000000s ]
ERR: 无法加载模块:Ttt

[ 2016-06-13T15:17:23+08:00 ] 127.0.0.1 /mytkp/index.php/ttt
INFO: [ app_init ] --START--
INFO: Run Behavior\BuildLiteBehavior [ RunTime:0.000000s ]
INFO: [ app_init ] --END-- [ RunTime:0.000000s ]
ERR: 无法加载模块:Ttt

[ 2016-06-13T15:17:24+08:00 ] 127.0.0.1 /mytkp/index.php/ttt
INFO: [ app_init ] --START--
INFO: Run Behavior\BuildLiteBehavior [ RunTime:0.000000s ]
INFO: [ app_init ] --END-- [ RunTime:0.000000s ]
ERR: 无法加载模块:Ttt

[ 2016-06-13T15:17:24+08:00 ] 127.0.0.1 /mytkp/index.php/ttt
INFO: [ app_init ] --START--
INFO: Run Behavior\BuildLiteBehavior [ RunTime:0.000000s ]
INFO: [ app_init ] --END-- [ RunTime:0.010000s ]
ERR: 无法加载模块:Ttt

[ 2016-06-13T15:17:24+08:00 ] 127.0.0.1 /mytkp/index.php/ttt
INFO: [ app_init ] --START--
INFO: Run Behavior\BuildLiteBehavior [ RunTime:0.000000s ]
INFO: [ app_init ] --END-- [ RunTime:0.000000s ]
ERR: 无法加载模块:Ttt

[ 2016-06-13T15:17:24+08:00 ] 127.0.0.1 /mytkp/index.php/ttt
INFO: [ app_init ] --START--
INFO: Run Behavior\BuildLiteBehavior [ RunTime:0.000000s ]
INFO: [ app_init ] --END-- [ RunTime:0.000000s ]
ERR: 无法加载模块:Ttt

[ 2016-06-13T15:17:24+08:00 ] 127.0.0.1 /mytkp/index.php/ttt
INFO: [ app_init ] --START--
INFO: Run Behavior\BuildLiteBehavior [ RunTime:0.000000s ]
INFO: [ app_init ] --END-- [ RunTime:0.010000s ]
ERR: 无法加载模块:Ttt

[ 2016-06-13T15:17:25+08:00 ] 127.0.0.1 /mytkp/index.php/ttt
INFO: [ app_init ] --START--
INFO: Run Behavior\BuildLiteBehavior [ RunTime:0.000000s ]
INFO: [ app_init ] --END-- [ RunTime:0.000000s ]
ERR: 无法加载模块:Ttt

[ 2016-06-13T15:17:25+08:00 ] 127.0.0.1 /mytkp/index.php/ttt
INFO: [ app_init ] --START--
INFO: Run Behavior\BuildLiteBehavior [ RunTime:0.000000s ]
INFO: [ app_init ] --END-- [ RunTime:0.010000s ]
ERR: 无法加载模块:Ttt

[ 2016-06-13T15:17:25+08:00 ] 127.0.0.1 /mytkp/index.php/ttt
INFO: [ app_init ] --START--
INFO: Run Behavior\BuildLiteBehavior [ RunTime:0.000000s ]
INFO: [ app_init ] --END-- [ RunTime:0.000000s ]
ERR: 无法加载模块:Ttt

[ 2016-06-13T15:17:26+08:00 ] 127.0.0.1 /mytkp/index.php/ttt
INFO: [ app_init ] --START--
INFO: Run Behavior\BuildLiteBehavior [ RunTime:0.010000s ]
INFO: [ app_init ] --END-- [ RunTime:0.010000s ]
ERR: 无法加载模块:Ttt

[ 2016-06-13T15:17:27+08:00 ] 127.0.0.1 /mytkp/index.php/ttt
INFO: [ app_init ] --START--
INFO: Run Behavior\BuildLiteBehavior [ RunTime:0.000000s ]
INFO: [ app_init ] --END-- [ RunTime:0.000000s ]
ERR: 无法加载模块:Ttt

[ 2016-06-13T15:17:27+08:00 ] 127.0.0.1 /mytkp/index.php/ttt
INFO: [ app_init ] --START--
INFO: Run Behavior\BuildLiteBehavior [ RunTime:0.000000s ]
INFO: [ app_init ] --END-- [ RunTime:0.000000s ]
ERR: 无法加载模块:Ttt

[ 2016-06-13T15:17:27+08:00 ] 127.0.0.1 /mytkp/index.php/ttt
INFO: [ app_init ] --START--
INFO: Run Behavior\BuildLiteBehavior [ RunTime:0.000000s ]
INFO: [ app_init ] --END-- [ RunTime:0.000000s ]
ERR: 无法加载模块:Ttt

[ 2016-06-13T15:17:28+08:00 ] 127.0.0.1 /mytkp/index.php/ttt
INFO: [ app_init ] --START--
INFO: Run Behavior\BuildLiteBehavior [ RunTime:0.000000s ]
INFO: [ app_init ] --END-- [ RunTime:0.010000s ]
ERR: 无法加载模块:Ttt

[ 2016-06-13T15:17:28+08:00 ] 127.0.0.1 /mytkp/index.php/ttt
INFO: [ app_init ] --START--
INFO: Run Behavior\BuildLiteBehavior [ RunTime:0.000000s ]
INFO: [ app_init ] --END-- [ RunTime:0.000000s ]
ERR: 无法加载模块:Ttt

[ 2016-06-13T15:17:28+08:00 ] 127.0.0.1 /mytkp/index.php/ttt
INFO: [ app_init ] --START--
INFO: Run Behavior\BuildLiteBehavior [ RunTime:0.000000s ]
INFO: [ app_init ] --END-- [ RunTime:0.010000s ]
ERR: 无法加载模块:Ttt

[ 2016-06-13T15:17:28+08:00 ] 127.0.0.1 /mytkp/index.php/ttt
INFO: [ app_init ] --START--
INFO: Run Behavior\BuildLiteBehavior [ RunTime:0.000000s ]
INFO: [ app_init ] --END-- [ RunTime:0.000000s ]
ERR: 无法加载模块:Ttt

[ 2016-06-13T15:17:54+08:00 ] 127.0.0.1 /mytkp/index.php/ttt
INFO: [ app_init ] --START--
INFO: Run Behavior\BuildLiteBehavior [ RunTime:0.000000s ]
INFO: [ app_init ] --END-- [ RunTime:0.010000s ]
ERR: 无法加载模块:Ttt

[ 2016-06-13T15:17:55+08:00 ] 127.0.0.1 /mytkp/index.php/ttt
INFO: [ app_init ] --START--
INFO: Run Behavior\BuildLiteBehavior [ RunTime:0.000000s ]
INFO: [ app_init ] --END-- [ RunTime:0.000000s ]
ERR: 无法加载模块:Ttt

[ 2016-06-13T15:17:56+08:00 ] 127.0.0.1 /mytkp/index.php/ttt
INFO: [ app_init ] --START--
INFO: Run Behavior\BuildLiteBehavior [ RunTime:0.000000s ]
INFO: [ app_init ] --END-- [ RunTime:0.010000s ]
ERR: 无法加载模块:Ttt

[ 2016-06-13T15:17:57+08:00 ] 127.0.0.1 /mytkp/index.php/ttt
INFO: [ app_init ] --START--
INFO: Run Behavior\BuildLiteBehavior [ RunTime:0.000000s ]
INFO: [ app_init ] --END-- [ RunTime:0.000000s ]
ERR: 无法加载模块:Ttt

[ 2016-06-13T15:19:13+08:00 ] 127.0.0.1 /mytkp/index.php/ttt
INFO: [ app_init ] --START--
INFO: Run Behavior\BuildLiteBehavior [ RunTime:0.000000s ]
INFO: [ app_init ] --END-- [ RunTime:0.000000s ]
NOTIC: [2] header() expects parameter 3 to be long, array given D:\php\webapp\mytkp\ThinkPHP\Library\Think\Route.class.php 第 207 行.

[ 2016-06-13T15:19:16+08:00 ] 127.0.0.1 /mytkp/index.php/ttt
INFO: [ app_init ] --START--
INFO: Run Behavior\BuildLiteBehavior [ RunTime:0.000000s ]
INFO: [ app_init ] --END-- [ RunTime:0.000000s ]
NOTIC: [2] header() expects parameter 3 to be long, array given D:\php\webapp\mytkp\ThinkPHP\Library\Think\Route.class.php 第 207 行.

[ 2016-06-13T15:19:18+08:00 ] 127.0.0.1 /mytkp/index.php/ttt
INFO: [ app_init ] --START--
INFO: Run Behavior\BuildLiteBehavior [ RunTime:0.000000s ]
INFO: [ app_init ] --END-- [ RunTime:0.010000s ]
NOTIC: [2] header() expects parameter 3 to be long, array given D:\php\webapp\mytkp\ThinkPHP\Library\Think\Route.class.php 第 207 行.

[ 2016-06-13T15:19:18+08:00 ] 127.0.0.1 /mytkp/index.php/ttt
INFO: [ app_init ] --START--
INFO: Run Behavior\BuildLiteBehavior [ RunTime:0.000000s ]
INFO: [ app_init ] --END-- [ RunTime:0.000000s ]
NOTIC: [2] header() expects parameter 3 to be long, array given D:\php\webapp\mytkp\ThinkPHP\Library\Think\Route.class.php 第 207 行.

[ 2016-06-13T15:19:19+08:00 ] 127.0.0.1 /mytkp/index.php/ttt
INFO: [ app_init ] --START--
INFO: Run Behavior\BuildLiteBehavior [ RunTime:0.000000s ]
INFO: [ app_init ] --END-- [ RunTime:0.010000s ]
NOTIC: [2] header() expects parameter 3 to be long, array given D:\php\webapp\mytkp\ThinkPHP\Library\Think\Route.class.php 第 207 行.

[ 2016-06-13T15:19:19+08:00 ] 127.0.0.1 /mytkp/index.php/ttt
INFO: [ app_init ] --START--
INFO: Run Behavior\BuildLiteBehavior [ RunTime:0.000000s ]
INFO: [ app_init ] --END-- [ RunTime:0.000000s ]
NOTIC: [2] header() expects parameter 3 to be long, array given D:\php\webapp\mytkp\ThinkPHP\Library\Think\Route.class.php 第 207 行.

[ 2016-06-13T15:19:19+08:00 ] 127.0.0.1 /mytkp/index.php/ttt
INFO: [ app_init ] --START--
INFO: Run Behavior\BuildLiteBehavior [ RunTime:0.000000s ]
INFO: [ app_init ] --END-- [ RunTime:0.000000s ]
NOTIC: [2] header() expects parameter 3 to be long, array given D:\php\webapp\mytkp\ThinkPHP\Library\Think\Route.class.php 第 207 行.

[ 2016-06-13T15:19:19+08:00 ] 127.0.0.1 /mytkp/index.php/ttt
INFO: [ app_init ] --START--
INFO: Run Behavior\BuildLiteBehavior [ RunTime:0.000000s ]
INFO: [ app_init ] --END-- [ RunTime:0.000000s ]
NOTIC: [2] header() expects parameter 3 to be long, array given D:\php\webapp\mytkp\ThinkPHP\Library\Think\Route.class.php 第 207 行.

[ 2016-06-13T15:19:19+08:00 ] 127.0.0.1 /mytkp/index.php/ttt
INFO: [ app_init ] --START--
INFO: Run Behavior\BuildLiteBehavior [ RunTime:0.010000s ]
INFO: [ app_init ] --END-- [ RunTime:0.010000s ]
NOTIC: [2] header() expects parameter 3 to be long, array given D:\php\webapp\mytkp\ThinkPHP\Library\Think\Route.class.php 第 207 行.

[ 2016-06-13T15:19:20+08:00 ] 127.0.0.1 /mytkp/index.php/ttt
INFO: [ app_init ] --START--
INFO: Run Behavior\BuildLiteBehavior [ RunTime:0.000000s ]
INFO: [ app_init ] --END-- [ RunTime:0.000000s ]
NOTIC: [2] header() expects parameter 3 to be long, array given D:\php\webapp\mytkp\ThinkPHP\Library\Think\Route.class.php 第 207 行.

