[ 2016-06-16T10:38:07+08:00 ] 127.0.0.1 /mytkp/index.php/tttt/admin/123321
INFO: [ app_init ] --START--
INFO: Run Behavior\BuildLiteBehavior [ RunTime:0.000000s ]
INFO: [ app_init ] --END-- [ RunTime:0.000000s ]
ERR: 无法加载模块:Admin

[ 2016-06-16T10:38:49+08:00 ] 127.0.0.1 /mytkp/index.php/tttt/userName/admin/userPass/123321
INFO: [ app_init ] --START--
INFO: Run Behavior\BuildLiteBehavior [ RunTime:0.000000s ]
INFO: [ app_init ] --END-- [ RunTime:0.000000s ]
ERR: 无法加载模块:Admin

[ 2016-06-16T10:39:50+08:00 ] 127.0.0.1 /mytkp/index.php/tttt
INFO: [ app_init ] --START--
INFO: Run Behavior\BuildLiteBehavior [ RunTime:0.000000s ]
INFO: [ app_init ] --END-- [ RunTime:0.000000s ]
ERR: 无法加载模块:Tttt

[ 2016-06-16T10:39:53+08:00 ] 127.0.0.1 /mytkp/index.php/tttt
INFO: [ app_init ] --START--
INFO: Run Behavior\BuildLiteBehavior [ RunTime:0.000000s ]
INFO: [ app_init ] --END-- [ RunTime:0.000000s ]
ERR: 无法加载模块:Tttt

[ 2016-06-16T10:39:58+08:00 ] 127.0.0.1 /mytkp/index.php/tttt
INFO: [ app_init ] --START--
INFO: Run Behavior\BuildLiteBehavior [ RunTime:0.000000s ]
INFO: [ app_init ] --END-- [ RunTime:0.015600s ]
ERR: 无法加载模块:Tttt

[ 2016-06-16T10:39:59+08:00 ] 127.0.0.1 /mytkp/index.php/tttt
INFO: [ app_init ] --START--
INFO: Run Behavior\BuildLiteBehavior [ RunTime:0.000000s ]
INFO: [ app_init ] --END-- [ RunTime:0.000000s ]
ERR: 无法加载模块:Tttt

[ 2016-06-16T10:39:59+08:00 ] 127.0.0.1 /mytkp/index.php/tttt
INFO: [ app_init ] --START--
INFO: Run Behavior\BuildLiteBehavior [ RunTime:0.000000s ]
INFO: [ app_init ] --END-- [ RunTime:0.000000s ]
ERR: 无法加载模块:Tttt

[ 2016-06-16T10:39:59+08:00 ] 127.0.0.1 /mytkp/index.php/tttt
INFO: [ app_init ] --START--
INFO: Run Behavior\BuildLiteBehavior [ RunTime:0.000000s ]
INFO: [ app_init ] --END-- [ RunTime:0.000000s ]
ERR: 无法加载模块:Tttt

[ 2016-06-16T10:40:00+08:00 ] 127.0.0.1 /mytkp/index.php/tttt
INFO: [ app_init ] --START--
INFO: Run Behavior\BuildLiteBehavior [ RunTime:0.000000s ]
INFO: [ app_init ] --END-- [ RunTime:0.000000s ]
ERR: 无法加载模块:Tttt

[ 2016-06-16T10:40:00+08:00 ] 127.0.0.1 /mytkp/index.php/tttt
INFO: [ app_init ] --START--
INFO: Run Behavior\BuildLiteBehavior [ RunTime:0.000000s ]
INFO: [ app_init ] --END-- [ RunTime:0.000000s ]
ERR: 无法加载模块:Tttt

[ 2016-06-16T10:40:00+08:00 ] 127.0.0.1 /mytkp/index.php/tttt
INFO: [ app_init ] --START--
INFO: Run Behavior\BuildLiteBehavior [ RunTime:0.000000s ]
INFO: [ app_init ] --END-- [ RunTime:0.015600s ]
ERR: 无法加载模块:Tttt

[ 2016-06-16T10:40:00+08:00 ] 127.0.0.1 /mytkp/index.php/tttt
INFO: [ app_init ] --START--
INFO: Run Behavior\BuildLiteBehavior [ RunTime:0.000000s ]
INFO: [ app_init ] --END-- [ RunTime:0.015600s ]
ERR: 无法加载模块:Tttt

[ 2016-06-16T10:40:00+08:00 ] 127.0.0.1 /mytkp/index.php/tttt
INFO: [ app_init ] --START--
INFO: Run Behavior\BuildLiteBehavior [ RunTime:0.000000s ]
INFO: [ app_init ] --END-- [ RunTime:0.000000s ]
ERR: 无法加载模块:Tttt

[ 2016-06-16T10:40:00+08:00 ] 127.0.0.1 /mytkp/index.php/tttt
INFO: [ app_init ] --START--
INFO: Run Behavior\BuildLiteBehavior [ RunTime:0.000000s ]
INFO: [ app_init ] --END-- [ RunTime:0.000000s ]
ERR: 无法加载模块:Tttt

[ 2016-06-16T10:40:01+08:00 ] 127.0.0.1 /mytkp/index.php/tttt
INFO: [ app_init ] --START--
INFO: Run Behavior\BuildLiteBehavior [ RunTime:0.000000s ]
INFO: [ app_init ] --END-- [ RunTime:0.015600s ]
ERR: 无法加载模块:Tttt

[ 2016-06-16T10:40:01+08:00 ] 127.0.0.1 /mytkp/index.php/tttt
INFO: [ app_init ] --START--
INFO: Run Behavior\BuildLiteBehavior [ RunTime:0.000000s ]
INFO: [ app_init ] --END-- [ RunTime:0.000000s ]
ERR: 无法加载模块:Tttt

[ 2016-06-16T10:40:01+08:00 ] 127.0.0.1 /mytkp/index.php/tttt
INFO: [ app_init ] --START--
INFO: Run Behavior\BuildLiteBehavior [ RunTime:0.000000s ]
INFO: [ app_init ] --END-- [ RunTime:0.000000s ]
ERR: 无法加载模块:Tttt

[ 2016-06-16T10:40:01+08:00 ] 127.0.0.1 /mytkp/index.php/tttt
INFO: [ app_init ] --START--
INFO: Run Behavior\BuildLiteBehavior [ RunTime:0.000000s ]
INFO: [ app_init ] --END-- [ RunTime:0.003000s ]
ERR: 无法加载模块:Tttt

[ 2016-06-16T10:40:01+08:00 ] 127.0.0.1 /mytkp/index.php/tttt
INFO: [ app_init ] --START--
INFO: Run Behavior\BuildLiteBehavior [ RunTime:0.001000s ]
INFO: [ app_init ] --END-- [ RunTime:0.003000s ]
ERR: 无法加载模块:Tttt

[ 2016-06-16T10:40:01+08:00 ] 127.0.0.1 /mytkp/index.php/tttt
INFO: [ app_init ] --START--
INFO: Run Behavior\BuildLiteBehavior [ RunTime:0.001000s ]
INFO: [ app_init ] --END-- [ RunTime:0.003000s ]
ERR: 无法加载模块:Tttt

[ 2016-06-16T10:40:02+08:00 ] 127.0.0.1 /mytkp/index.php/tttt
INFO: [ app_init ] --START--
INFO: Run Behavior\BuildLiteBehavior [ RunTime:0.000000s ]
INFO: [ app_init ] --END-- [ RunTime:0.000000s ]
ERR: 无法加载模块:Tttt

[ 2016-06-16T10:40:18+08:00 ] 127.0.0.1 /mytkp/index.php/tttt
INFO: [ app_init ] --START--
INFO: Run Behavior\BuildLiteBehavior [ RunTime:0.000000s ]
INFO: [ app_init ] --END-- [ RunTime:0.000000s ]
ERR: 无法加载模块:Admin

[ 2016-06-16T10:40:18+08:00 ] 127.0.0.1 /mytkp/index.php/tttt
INFO: [ app_init ] --START--
INFO: Run Behavior\BuildLiteBehavior [ RunTime:0.000000s ]
INFO: [ app_init ] --END-- [ RunTime:0.000000s ]
ERR: 无法加载模块:Admin

[ 2016-06-16T10:40:18+08:00 ] 127.0.0.1 /mytkp/index.php/tttt
INFO: [ app_init ] --START--
INFO: Run Behavior\BuildLiteBehavior [ RunTime:0.000000s ]
INFO: [ app_init ] --END-- [ RunTime:0.000000s ]
ERR: 无法加载模块:Admin

[ 2016-06-16T10:40:19+08:00 ] 127.0.0.1 /mytkp/index.php/tttt
INFO: [ app_init ] --START--
INFO: Run Behavior\BuildLiteBehavior [ RunTime:0.000000s ]
INFO: [ app_init ] --END-- [ RunTime:0.000000s ]
ERR: 无法加载模块:Admin

[ 2016-06-16T10:40:19+08:00 ] 127.0.0.1 /mytkp/index.php/tttt
INFO: [ app_init ] --START--
INFO: Run Behavior\BuildLiteBehavior [ RunTime:0.000000s ]
INFO: [ app_init ] --END-- [ RunTime:0.000000s ]
ERR: 无法加载模块:Admin

[ 2016-06-16T10:40:19+08:00 ] 127.0.0.1 /mytkp/index.php/tttt
INFO: [ app_init ] --START--
INFO: Run Behavior\BuildLiteBehavior [ RunTime:0.000000s ]
INFO: [ app_init ] --END-- [ RunTime:0.000000s ]
ERR: 无法加载模块:Admin

[ 2016-06-16T10:40:19+08:00 ] 127.0.0.1 /mytkp/index.php/tttt
INFO: [ app_init ] --START--
INFO: Run Behavior\BuildLiteBehavior [ RunTime:0.000000s ]
INFO: [ app_init ] --END-- [ RunTime:0.000000s ]
ERR: 无法加载模块:Admin

[ 2016-06-16T10:40:19+08:00 ] 127.0.0.1 /mytkp/index.php/tttt
INFO: [ app_init ] --START--
INFO: Run Behavior\BuildLiteBehavior [ RunTime:0.000000s ]
INFO: [ app_init ] --END-- [ RunTime:0.000000s ]
ERR: 无法加载模块:Admin

[ 2016-06-16T10:40:19+08:00 ] 127.0.0.1 /mytkp/index.php/tttt
INFO: [ app_init ] --START--
INFO: Run Behavior\BuildLiteBehavior [ RunTime:0.000000s ]
INFO: [ app_init ] --END-- [ RunTime:0.000000s ]
ERR: 无法加载模块:Admin

[ 2016-06-16T10:40:20+08:00 ] 127.0.0.1 /mytkp/index.php/tttt
INFO: [ app_init ] --START--
INFO: Run Behavior\BuildLiteBehavior [ RunTime:0.000000s ]
INFO: [ app_init ] --END-- [ RunTime:0.000000s ]
ERR: 无法加载模块:Admin

[ 2016-06-16T10:40:20+08:00 ] 127.0.0.1 /mytkp/index.php/tttt
INFO: [ app_init ] --START--
INFO: Run Behavior\BuildLiteBehavior [ RunTime:0.000000s ]
INFO: [ app_init ] --END-- [ RunTime:0.000000s ]
ERR: 无法加载模块:Admin

[ 2016-06-16T10:40:20+08:00 ] 127.0.0.1 /mytkp/index.php/tttt
INFO: [ app_init ] --START--
INFO: Run Behavior\BuildLiteBehavior [ RunTime:0.000000s ]
INFO: [ app_init ] --END-- [ RunTime:0.000000s ]
ERR: 无法加载模块:Admin

[ 2016-06-16T10:40:20+08:00 ] 127.0.0.1 /mytkp/index.php/tttt
INFO: [ app_init ] --START--
INFO: Run Behavior\BuildLiteBehavior [ RunTime:0.000000s ]
INFO: [ app_init ] --END-- [ RunTime:0.000000s ]
ERR: 无法加载模块:Admin

[ 2016-06-16T10:40:20+08:00 ] 127.0.0.1 /mytkp/index.php/tttt
INFO: [ app_init ] --START--
INFO: Run Behavior\BuildLiteBehavior [ RunTime:0.000000s ]
INFO: [ app_init ] --END-- [ RunTime:0.000000s ]
ERR: 无法加载模块:Admin

[ 2016-06-16T10:40:21+08:00 ] 127.0.0.1 /mytkp/index.php/tttt
INFO: [ app_init ] --START--
INFO: Run Behavior\BuildLiteBehavior [ RunTime:0.000000s ]
INFO: [ app_init ] --END-- [ RunTime:0.000000s ]
ERR: 无法加载模块:Admin

[ 2016-06-16T10:40:21+08:00 ] 127.0.0.1 /mytkp/index.php/tttt
INFO: [ app_init ] --START--
INFO: Run Behavior\BuildLiteBehavior [ RunTime:0.000000s ]
INFO: [ app_init ] --END-- [ RunTime:0.000000s ]
ERR: 无法加载模块:Admin

[ 2016-06-16T10:40:21+08:00 ] 127.0.0.1 /mytkp/index.php/tttt
INFO: [ app_init ] --START--
INFO: Run Behavior\BuildLiteBehavior [ RunTime:0.000000s ]
INFO: [ app_init ] --END-- [ RunTime:0.003001s ]
ERR: 无法加载模块:Admin

[ 2016-06-16T10:40:21+08:00 ] 127.0.0.1 /mytkp/index.php/tttt
INFO: [ app_init ] --START--
INFO: Run Behavior\BuildLiteBehavior [ RunTime:0.001000s ]
INFO: [ app_init ] --END-- [ RunTime:0.003000s ]
ERR: 无法加载模块:Admin

[ 2016-06-16T10:40:21+08:00 ] 127.0.0.1 /mytkp/index.php/tttt
INFO: [ app_init ] --START--
INFO: Run Behavior\BuildLiteBehavior [ RunTime:0.000000s ]
INFO: [ app_init ] --END-- [ RunTime:0.003000s ]
ERR: 无法加载模块:Admin

[ 2016-06-16T10:40:23+08:00 ] 127.0.0.1 /mytkp/index.php/tttt
INFO: [ app_init ] --START--
INFO: Run Behavior\BuildLiteBehavior [ RunTime:0.000000s ]
INFO: [ app_init ] --END-- [ RunTime:0.000000s ]
ERR: 无法加载模块:Admin

[ 2016-06-16T10:40:25+08:00 ] 127.0.0.1 /mytkp/index.php/tttt
INFO: [ app_init ] --START--
INFO: Run Behavior\BuildLiteBehavior [ RunTime:0.000000s ]
INFO: [ app_init ] --END-- [ RunTime:0.000000s ]
ERR: 无法加载模块:Admin

[ 2016-06-16T10:40:26+08:00 ] 127.0.0.1 /mytkp/index.php/tttt
INFO: [ app_init ] --START--
INFO: Run Behavior\BuildLiteBehavior [ RunTime:0.000000s ]
INFO: [ app_init ] --END-- [ RunTime:0.000000s ]
ERR: 无法加载模块:Admin

[ 2016-06-16T10:40:55+08:00 ] 127.0.0.1 /mytkp/index.php/tttt
INFO: [ app_init ] --START--
INFO: Run Behavior\BuildLiteBehavior [ RunTime:0.000000s ]
INFO: [ app_init ] --END-- [ RunTime:0.000000s ]
ERR: 无法加载模块:Admin

[ 2016-06-16T10:40:55+08:00 ] 127.0.0.1 /mytkp/index.php/tttt
INFO: [ app_init ] --START--
INFO: Run Behavior\BuildLiteBehavior [ RunTime:0.000000s ]
INFO: [ app_init ] --END-- [ RunTime:0.000000s ]
ERR: 无法加载模块:Admin

[ 2016-06-16T10:40:55+08:00 ] 127.0.0.1 /mytkp/index.php/tttt
INFO: [ app_init ] --START--
INFO: Run Behavior\BuildLiteBehavior [ RunTime:0.000000s ]
INFO: [ app_init ] --END-- [ RunTime:0.000000s ]
ERR: 无法加载模块:Admin

[ 2016-06-16T10:40:55+08:00 ] 127.0.0.1 /mytkp/index.php/tttt
INFO: [ app_init ] --START--
INFO: Run Behavior\BuildLiteBehavior [ RunTime:0.000000s ]
INFO: [ app_init ] --END-- [ RunTime:0.015600s ]
ERR: 无法加载模块:Admin

[ 2016-06-16T10:40:56+08:00 ] 127.0.0.1 /mytkp/index.php/tttt
INFO: [ app_init ] --START--
INFO: Run Behavior\BuildLiteBehavior [ RunTime:0.000000s ]
INFO: [ app_init ] --END-- [ RunTime:0.000000s ]
ERR: 无法加载模块:Admin

[ 2016-06-16T10:40:56+08:00 ] 127.0.0.1 /mytkp/index.php/tttt
INFO: [ app_init ] --START--
INFO: Run Behavior\BuildLiteBehavior [ RunTime:0.000000s ]
INFO: [ app_init ] --END-- [ RunTime:0.015600s ]
ERR: 无法加载模块:Admin

[ 2016-06-16T10:40:56+08:00 ] 127.0.0.1 /mytkp/index.php/tttt
INFO: [ app_init ] --START--
INFO: Run Behavior\BuildLiteBehavior [ RunTime:0.000000s ]
INFO: [ app_init ] --END-- [ RunTime:0.003000s ]
ERR: 无法加载模块:Admin

[ 2016-06-16T10:40:57+08:00 ] 127.0.0.1 /mytkp/index.php/tttt
INFO: [ app_init ] --START--
INFO: Run Behavior\BuildLiteBehavior [ RunTime:0.000000s ]
INFO: [ app_init ] --END-- [ RunTime:0.000000s ]
ERR: 无法加载模块:Admin

[ 2016-06-16T10:40:58+08:00 ] 127.0.0.1 /mytkp/index.php/tttt
INFO: [ app_init ] --START--
INFO: Run Behavior\BuildLiteBehavior [ RunTime:0.000000s ]
INFO: [ app_init ] --END-- [ RunTime:0.000000s ]
ERR: 无法加载模块:Admin

[ 2016-06-16T10:43:55+08:00 ] 127.0.0.1 /mytkp/index.php/tttt/admin/123321
INFO: [ app_init ] --START--
INFO: Run Behavior\BuildLiteBehavior [ RunTime:0.000000s ]
INFO: [ app_init ] --END-- [ RunTime:0.000000s ]
ERR: 无法加载模块:Admin

[ 2016-06-16T10:53:00+08:00 ] 127.0.0.1 /mytkp/index.php/tttt
INFO: [ app_init ] --START--
INFO: Run Behavior\BuildLiteBehavior [ RunTime:0.000000s ]
INFO: [ app_init ] --END-- [ RunTime:0.000000s ]
ERR: 无法加载模块:Tttt

[ 2016-06-16T16:25:22+08:00 ] 127.0.0.1 /mytkp/index.php/mytkp/index.php/aaa.html
INFO: [ app_init ] --START--
INFO: Run Behavior\BuildLiteBehavior [ RunTime:0.001000s ]
INFO: [ app_init ] --END-- [ RunTime:0.003001s ]
ERR: 无法加载模块:Mytkp

[ 2016-06-16T16:33:00+08:00 ] 127.0.0.1 /mytkp/index.php/mytkp/index.php/ttt.html
INFO: [ app_init ] --START--
INFO: Run Behavior\BuildLiteBehavior [ RunTime:0.000000s ]
INFO: [ app_init ] --END-- [ RunTime:0.000000s ]
ERR: 无法加载模块:Mytkp

[ 2016-06-16T16:33:41+08:00 ] 127.0.0.1 /mytkp/index.php/mytkp/index.php/mytkp/index.php/ttt.html.html
INFO: [ app_init ] --START--
INFO: Run Behavior\BuildLiteBehavior [ RunTime:0.000000s ]
INFO: [ app_init ] --END-- [ RunTime:0.000000s ]
ERR: 无法加载模块:Mytkp

[ 2016-06-16T16:34:04+08:00 ] 127.0.0.1 /mytkp/index.php/mytkp/index.php/Home/Index/ttt.html.html
INFO: [ app_init ] --START--
INFO: Run Behavior\BuildLiteBehavior [ RunTime:0.000000s ]
INFO: [ app_init ] --END-- [ RunTime:0.000000s ]
ERR: 无法加载模块:Mytkp

[ 2016-06-16T16:34:47+08:00 ] 127.0.0.1 /mytkp/index.php/mytkp/index.php/Home/Index/ttt.html.html
INFO: [ app_init ] --START--
INFO: Run Behavior\BuildLiteBehavior [ RunTime:0.000000s ]
INFO: [ app_init ] --END-- [ RunTime:0.015600s ]
ERR: 无法加载模块:Mytkp

[ 2016-06-16T16:45:24+08:00 ] 127.0.0.1 /mytkp/index.php/bbb/2016/6/16
INFO: [ app_init ] --START--
INFO: Run Behavior\BuildLiteBehavior [ RunTime:0.000000s ]
INFO: [ app_init ] --END-- [ RunTime:0.010000s ]
ERR: 无法加载模块:Bbb

[ 2016-06-16T16:45:40+08:00 ] 127.0.0.1 /mytkp/index.php/bbb/2016/6/16
INFO: [ app_init ] --START--
INFO: Run Behavior\BuildLiteBehavior [ RunTime:0.000000s ]
INFO: [ app_init ] --END-- [ RunTime:0.000000s ]
ERR: 无法加载模块:Bbb

[ 2016-06-16T16:45:41+08:00 ] 127.0.0.1 /mytkp/index.php/bbb/2016/6/16
INFO: [ app_init ] --START--
INFO: Run Behavior\BuildLiteBehavior [ RunTime:0.000000s ]
INFO: [ app_init ] --END-- [ RunTime:0.000000s ]
ERR: 无法加载模块:Bbb

[ 2016-06-16T16:45:41+08:00 ] 127.0.0.1 /mytkp/index.php/bbb/2016/6/16
INFO: [ app_init ] --START--
INFO: Run Behavior\BuildLiteBehavior [ RunTime:0.000000s ]
INFO: [ app_init ] --END-- [ RunTime:0.010000s ]
ERR: 无法加载模块:Bbb

[ 2016-06-16T16:45:42+08:00 ] 127.0.0.1 /mytkp/index.php/bbb/2016/6/16
INFO: [ app_init ] --START--
INFO: Run Behavior\BuildLiteBehavior [ RunTime:0.000000s ]
INFO: [ app_init ] --END-- [ RunTime:0.010000s ]
ERR: 无法加载模块:Bbb

[ 2016-06-16T16:45:42+08:00 ] 127.0.0.1 /mytkp/index.php/bbb/2016/6/16
INFO: [ app_init ] --START--
INFO: Run Behavior\BuildLiteBehavior [ RunTime:0.000000s ]
INFO: [ app_init ] --END-- [ RunTime:0.000000s ]
ERR: 无法加载模块:Bbb

[ 2016-06-16T16:45:42+08:00 ] 127.0.0.1 /mytkp/index.php/bbb/2016/6/16
INFO: [ app_init ] --START--
INFO: Run Behavior\BuildLiteBehavior [ RunTime:0.000000s ]
INFO: [ app_init ] --END-- [ RunTime:0.015600s ]
ERR: 无法加载模块:Bbb

[ 2016-06-16T16:45:43+08:00 ] 127.0.0.1 /mytkp/index.php/bbb/2016/6/16
INFO: [ app_init ] --START--
INFO: Run Behavior\BuildLiteBehavior [ RunTime:0.000000s ]
INFO: [ app_init ] --END-- [ RunTime:0.000000s ]
ERR: 无法加载模块:Bbb

[ 2016-06-16T16:45:43+08:00 ] 127.0.0.1 /mytkp/index.php/bbb/2016/6/16
INFO: [ app_init ] --START--
INFO: Run Behavior\BuildLiteBehavior [ RunTime:0.000000s ]
INFO: [ app_init ] --END-- [ RunTime:0.000000s ]
ERR: 无法加载模块:Bbb

[ 2016-06-16T16:45:43+08:00 ] 127.0.0.1 /mytkp/index.php/bbb/2016/6/16
INFO: [ app_init ] --START--
INFO: Run Behavior\BuildLiteBehavior [ RunTime:0.000000s ]
INFO: [ app_init ] --END-- [ RunTime:0.000000s ]
ERR: 无法加载模块:Bbb

[ 2016-06-16T16:45:43+08:00 ] 127.0.0.1 /mytkp/index.php/bbb/2016/6/16
INFO: [ app_init ] --START--
INFO: Run Behavior\BuildLiteBehavior [ RunTime:0.000000s ]
INFO: [ app_init ] --END-- [ RunTime:0.015600s ]
ERR: 无法加载模块:Bbb

[ 2016-06-16T16:45:43+08:00 ] 127.0.0.1 /mytkp/index.php/bbb/2016/6/16
INFO: [ app_init ] --START--
INFO: Run Behavior\BuildLiteBehavior [ RunTime:0.000000s ]
INFO: [ app_init ] --END-- [ RunTime:0.000000s ]
ERR: 无法加载模块:Bbb

[ 2016-06-16T16:46:07+08:00 ] 127.0.0.1 /mytkp/index.php/bbb/2016/6/16
INFO: [ app_init ] --START--
INFO: Run Behavior\BuildLiteBehavior [ RunTime:0.000000s ]
INFO: [ app_init ] --END-- [ RunTime:0.000000s ]
ERR: 无法加载模块:Bbb

[ 2016-06-16T16:46:09+08:00 ] 127.0.0.1 /mytkp/index.php/bbb/2016/6/16
INFO: [ app_init ] --START--
INFO: Run Behavior\BuildLiteBehavior [ RunTime:0.000000s ]
INFO: [ app_init ] --END-- [ RunTime:0.000000s ]
ERR: 无法加载模块:Bbb

[ 2016-06-16T16:46:10+08:00 ] 127.0.0.1 /mytkp/index.php/bbb/2016/6/16
INFO: [ app_init ] --START--
INFO: Run Behavior\BuildLiteBehavior [ RunTime:0.000000s ]
INFO: [ app_init ] --END-- [ RunTime:0.000000s ]
ERR: 无法加载模块:Bbb

[ 2016-06-16T16:46:10+08:00 ] 127.0.0.1 /mytkp/index.php/bbb/2016/6/16
INFO: [ app_init ] --START--
INFO: Run Behavior\BuildLiteBehavior [ RunTime:0.000000s ]
INFO: [ app_init ] --END-- [ RunTime:0.000000s ]
ERR: 无法加载模块:Bbb

[ 2016-06-16T16:46:11+08:00 ] 127.0.0.1 /mytkp/index.php/bbb/2016/6/16
INFO: [ app_init ] --START--
INFO: Run Behavior\BuildLiteBehavior [ RunTime:0.000000s ]
INFO: [ app_init ] --END-- [ RunTime:0.000000s ]
ERR: 无法加载模块:Bbb

[ 2016-06-16T16:46:13+08:00 ] 127.0.0.1 /mytkp/index.php/bbb/2016/6/16
INFO: [ app_init ] --START--
INFO: Run Behavior\BuildLiteBehavior [ RunTime:0.015600s ]
INFO: [ app_init ] --END-- [ RunTime:0.015600s ]
ERR: 无法加载模块:Bbb

[ 2016-06-16T16:46:13+08:00 ] 127.0.0.1 /mytkp/index.php/bbb/2016/6/16
INFO: [ app_init ] --START--
INFO: Run Behavior\BuildLiteBehavior [ RunTime:0.000000s ]
INFO: [ app_init ] --END-- [ RunTime:0.000000s ]
ERR: 无法加载模块:Bbb

[ 2016-06-16T16:46:13+08:00 ] 127.0.0.1 /mytkp/index.php/bbb/2016/6/16
INFO: [ app_init ] --START--
INFO: Run Behavior\BuildLiteBehavior [ RunTime:0.000000s ]
INFO: [ app_init ] --END-- [ RunTime:0.000000s ]
ERR: 无法加载模块:Bbb

[ 2016-06-16T16:46:14+08:00 ] 127.0.0.1 /mytkp/index.php/bbb/2016/6/16
INFO: [ app_init ] --START--
INFO: Run Behavior\BuildLiteBehavior [ RunTime:0.000000s ]
INFO: [ app_init ] --END-- [ RunTime:0.000000s ]
ERR: 无法加载模块:Bbb

[ 2016-06-16T16:46:14+08:00 ] 127.0.0.1 /mytkp/index.php/bbb/2016/6/16
INFO: [ app_init ] --START--
INFO: Run Behavior\BuildLiteBehavior [ RunTime:0.000000s ]
INFO: [ app_init ] --END-- [ RunTime:0.000000s ]
ERR: 无法加载模块:Bbb

[ 2016-06-16T16:46:14+08:00 ] 127.0.0.1 /mytkp/index.php/bbb/2016/6/16
INFO: [ app_init ] --START--
INFO: Run Behavior\BuildLiteBehavior [ RunTime:0.000000s ]
INFO: [ app_init ] --END-- [ RunTime:0.000000s ]
ERR: 无法加载模块:Bbb

[ 2016-06-16T16:46:14+08:00 ] 127.0.0.1 /mytkp/index.php/bbb/2016/6/16
INFO: [ app_init ] --START--
INFO: Run Behavior\BuildLiteBehavior [ RunTime:0.000000s ]
INFO: [ app_init ] --END-- [ RunTime:0.000000s ]
ERR: 无法加载模块:Bbb

[ 2016-06-16T16:46:14+08:00 ] 127.0.0.1 /mytkp/index.php/bbb/2016/6/16
INFO: [ app_init ] --START--
INFO: Run Behavior\BuildLiteBehavior [ RunTime:0.000000s ]
INFO: [ app_init ] --END-- [ RunTime:0.000000s ]
ERR: 无法加载模块:Bbb

[ 2016-06-16T16:46:14+08:00 ] 127.0.0.1 /mytkp/index.php/bbb/2016/6/16
INFO: [ app_init ] --START--
INFO: Run Behavior\BuildLiteBehavior [ RunTime:0.000000s ]
INFO: [ app_init ] --END-- [ RunTime:0.000000s ]
ERR: 无法加载模块:Bbb

[ 2016-06-16T16:46:15+08:00 ] 127.0.0.1 /mytkp/index.php/bbb/2016/6/16
INFO: [ app_init ] --START--
INFO: Run Behavior\BuildLiteBehavior [ RunTime:0.000000s ]
INFO: [ app_init ] --END-- [ RunTime:0.000000s ]
ERR: 无法加载模块:Bbb

[ 2016-06-16T16:46:15+08:00 ] 127.0.0.1 /mytkp/index.php/bbb/2016/6/16
INFO: [ app_init ] --START--
INFO: Run Behavior\BuildLiteBehavior [ RunTime:0.000000s ]
INFO: [ app_init ] --END-- [ RunTime:0.000000s ]
ERR: 无法加载模块:Bbb

[ 2016-06-16T16:46:15+08:00 ] 127.0.0.1 /mytkp/index.php/bbb/2016/6/16
INFO: [ app_init ] --START--
INFO: Run Behavior\BuildLiteBehavior [ RunTime:0.000000s ]
INFO: [ app_init ] --END-- [ RunTime:0.015600s ]
ERR: 无法加载模块:Bbb

[ 2016-06-16T16:46:15+08:00 ] 127.0.0.1 /mytkp/index.php/bbb/2016/6/16
INFO: [ app_init ] --START--
INFO: Run Behavior\BuildLiteBehavior [ RunTime:0.000000s ]
INFO: [ app_init ] --END-- [ RunTime:0.000000s ]
ERR: 无法加载模块:Bbb

[ 2016-06-16T16:46:15+08:00 ] 127.0.0.1 /mytkp/index.php/bbb/2016/6/16
INFO: [ app_init ] --START--
INFO: Run Behavior\BuildLiteBehavior [ RunTime:0.000000s ]
INFO: [ app_init ] --END-- [ RunTime:0.000000s ]
ERR: 无法加载模块:Bbb

[ 2016-06-16T16:46:16+08:00 ] 127.0.0.1 /mytkp/index.php/bbb/2016/6/16
INFO: [ app_init ] --START--
INFO: Run Behavior\BuildLiteBehavior [ RunTime:0.000000s ]
INFO: [ app_init ] --END-- [ RunTime:0.000000s ]
ERR: 无法加载模块:Bbb

[ 2016-06-16T16:46:16+08:00 ] 127.0.0.1 /mytkp/index.php/bbb/2016/6/16
INFO: [ app_init ] --START--
INFO: Run Behavior\BuildLiteBehavior [ RunTime:0.000000s ]
INFO: [ app_init ] --END-- [ RunTime:0.000000s ]
ERR: 无法加载模块:Bbb

[ 2016-06-16T16:46:16+08:00 ] 127.0.0.1 /mytkp/index.php/bbb/2016/6/16
INFO: [ app_init ] --START--
INFO: Run Behavior\BuildLiteBehavior [ RunTime:0.000000s ]
INFO: [ app_init ] --END-- [ RunTime:0.015600s ]
ERR: 无法加载模块:Bbb

[ 2016-06-16T16:46:16+08:00 ] 127.0.0.1 /mytkp/index.php/bbb/2016/6/16
INFO: [ app_init ] --START--
INFO: Run Behavior\BuildLiteBehavior [ RunTime:0.000000s ]
INFO: [ app_init ] --END-- [ RunTime:0.000000s ]
ERR: 无法加载模块:Bbb

[ 2016-06-16T16:46:16+08:00 ] 127.0.0.1 /mytkp/index.php/bbb/2016/6/16
INFO: [ app_init ] --START--
INFO: Run Behavior\BuildLiteBehavior [ RunTime:0.000000s ]
INFO: [ app_init ] --END-- [ RunTime:0.000000s ]
ERR: 无法加载模块:Bbb

[ 2016-06-16T16:46:17+08:00 ] 127.0.0.1 /mytkp/index.php/bbb/2016/6/16
INFO: [ app_init ] --START--
INFO: Run Behavior\BuildLiteBehavior [ RunTime:0.000000s ]
INFO: [ app_init ] --END-- [ RunTime:0.000000s ]
ERR: 无法加载模块:Bbb

[ 2016-06-16T16:46:17+08:00 ] 127.0.0.1 /mytkp/index.php/bbb/2016/6/16
INFO: [ app_init ] --START--
INFO: Run Behavior\BuildLiteBehavior [ RunTime:0.000000s ]
INFO: [ app_init ] --END-- [ RunTime:0.000000s ]
ERR: 无法加载模块:Bbb

[ 2016-06-16T16:46:17+08:00 ] 127.0.0.1 /mytkp/index.php/bbb/2016/6/16
INFO: [ app_init ] --START--
INFO: Run Behavior\BuildLiteBehavior [ RunTime:0.000000s ]
INFO: [ app_init ] --END-- [ RunTime:0.015600s ]
ERR: 无法加载模块:Bbb

[ 2016-06-16T16:46:17+08:00 ] 127.0.0.1 /mytkp/index.php/bbb/2016/6/16
INFO: [ app_init ] --START--
INFO: Run Behavior\BuildLiteBehavior [ RunTime:0.000000s ]
INFO: [ app_init ] --END-- [ RunTime:0.000000s ]
ERR: 无法加载模块:Bbb

[ 2016-06-16T16:46:17+08:00 ] 127.0.0.1 /mytkp/index.php/bbb/2016/6/16
INFO: [ app_init ] --START--
INFO: Run Behavior\BuildLiteBehavior [ RunTime:0.000000s ]
INFO: [ app_init ] --END-- [ RunTime:0.000000s ]
ERR: 无法加载模块:Bbb

[ 2016-06-16T16:46:17+08:00 ] 127.0.0.1 /mytkp/index.php/bbb/2016/6/16
INFO: [ app_init ] --START--
INFO: Run Behavior\BuildLiteBehavior [ RunTime:0.000000s ]
INFO: [ app_init ] --END-- [ RunTime:0.000000s ]
ERR: 无法加载模块:Bbb

[ 2016-06-16T16:46:18+08:00 ] 127.0.0.1 /mytkp/index.php/bbb/2016/6/16
INFO: [ app_init ] --START--
INFO: Run Behavior\BuildLiteBehavior [ RunTime:0.000000s ]
INFO: [ app_init ] --END-- [ RunTime:0.015600s ]
ERR: 无法加载模块:Bbb

[ 2016-06-16T16:46:18+08:00 ] 127.0.0.1 /mytkp/index.php/bbb/2016/6/16
INFO: [ app_init ] --START--
INFO: Run Behavior\BuildLiteBehavior [ RunTime:0.000000s ]
INFO: [ app_init ] --END-- [ RunTime:0.000000s ]
ERR: 无法加载模块:Bbb

[ 2016-06-16T16:46:18+08:00 ] 127.0.0.1 /mytkp/index.php/bbb/2016/6/16
INFO: [ app_init ] --START--
INFO: Run Behavior\BuildLiteBehavior [ RunTime:0.000000s ]
INFO: [ app_init ] --END-- [ RunTime:0.000000s ]
ERR: 无法加载模块:Bbb

[ 2016-06-16T16:46:18+08:00 ] 127.0.0.1 /mytkp/index.php/bbb/2016/6/16
INFO: [ app_init ] --START--
INFO: Run Behavior\BuildLiteBehavior [ RunTime:0.000000s ]
INFO: [ app_init ] --END-- [ RunTime:0.000000s ]
ERR: 无法加载模块:Bbb

[ 2016-06-16T16:46:18+08:00 ] 127.0.0.1 /mytkp/index.php/bbb/2016/6/16
INFO: [ app_init ] --START--
INFO: Run Behavior\BuildLiteBehavior [ RunTime:0.000000s ]
INFO: [ app_init ] --END-- [ RunTime:0.000000s ]
ERR: 无法加载模块:Bbb

[ 2016-06-16T16:46:18+08:00 ] 127.0.0.1 /mytkp/index.php/bbb/2016/6/16
INFO: [ app_init ] --START--
INFO: Run Behavior\BuildLiteBehavior [ RunTime:0.000000s ]
INFO: [ app_init ] --END-- [ RunTime:0.000000s ]
ERR: 无法加载模块:Bbb

[ 2016-06-16T16:46:19+08:00 ] 127.0.0.1 /mytkp/index.php/bbb/2016/6/16
INFO: [ app_init ] --START--
INFO: Run Behavior\BuildLiteBehavior [ RunTime:0.000000s ]
INFO: [ app_init ] --END-- [ RunTime:0.000000s ]
ERR: 无法加载模块:Bbb

[ 2016-06-16T16:46:19+08:00 ] 127.0.0.1 /mytkp/index.php/bbb/2016/6/16
INFO: [ app_init ] --START--
INFO: Run Behavior\BuildLiteBehavior [ RunTime:0.000000s ]
INFO: [ app_init ] --END-- [ RunTime:0.015600s ]
ERR: 无法加载模块:Bbb

[ 2016-06-16T16:46:19+08:00 ] 127.0.0.1 /mytkp/index.php/bbb/2016/6/16
INFO: [ app_init ] --START--
INFO: Run Behavior\BuildLiteBehavior [ RunTime:0.000000s ]
INFO: [ app_init ] --END-- [ RunTime:0.000000s ]
ERR: 无法加载模块:Bbb

